[v3] device=mps img=128 batch=96 epochs=35 lr=0.0004 mixup=0.2 ls=0.1 ema=0.999 amp=True
[v3] rows tr/va/te = 25309/3457/3066
[v3] params: 1,314,994
[v3] no resume file at checkpoints/gesture_v3.last.pt, starting fresh.
[v3] ep  0 | tr 2.9938 | vl_ema 2.9305 | acc 0.0553 | f1 0.0060 * | lr 2.00e-04 | t 47s
[v3] ep  1 | tr 2.8264 | vl_ema 3.0520 | acc 0.0518 | f1 0.0055 | lr 4.00e-04 | t 72s
[v3] ep  2 | tr 2.6183 | vl_ema 3.0825 | acc 0.0657 | f1 0.0124 * | lr 4.00e-04 | t 98s
[v3] ep  3 | tr 2.3652 | vl_ema 3.0421 | acc 0.0547 | f1 0.0058 | lr 3.99e-04 | t 127s
[v3] ep  4 | tr 2.1695 | vl_ema 3.0151 | acc 0.0639 | f1 0.0165 * | lr 3.96e-04 | t 165s
[v3] ep  5 | tr 2.0239 | vl_ema 3.0329 | acc 0.0547 | f1 0.0058 | lr 3.92e-04 | t 221s
[v3] ep  6 | tr 1.8891 | vl_ema 3.1334 | acc 0.0593 | f1 0.0062 | lr 3.86e-04 | t 277s
[v3] ep  7 | tr 1.7953 | vl_ema 3.0592 | acc 0.0717 | f1 0.0230 * | lr 3.78e-04 | t 321s
[v3] ep  8 | tr 1.7161 | vl_ema 3.1545 | acc 0.0440 | f1 0.0108 | lr 3.68e-04 | t 365s
[v3] ep  9 | tr 1.6689 | vl_ema 3.3879 | acc 0.0257 | f1 0.0068 | lr 3.57e-04 | t 407s
[v3] ep 10 | tr 1.5811 | vl_ema 3.3184 | acc 0.0509 | f1 0.0056 | lr 3.45e-04 | t 448s
[v3] ep 11 | tr 1.5671 | vl_ema 4.0661 | acc 0.0480 | f1 0.0053 | lr 3.31e-04 | t 490s
[v3] ep 12 | tr 1.5247 | vl_ema 4.0913 | acc 0.0434 | f1 0.0058 | lr 3.16e-04 | t 531s
[v3] ep 13 | tr 1.4412 | vl_ema 3.8876 | acc 0.0445 | f1 0.0063 | lr 3.00e-04 | t 571s
[v3] ep 14 | tr 1.4151 | vl_ema 3.6795 | acc 0.0445 | f1 0.0085 | lr 2.83e-04 | t 611s
[v3] ep 15 | tr 1.4189 | vl_ema 3.7510 | acc 0.0414 | f1 0.0073 | lr 2.65e-04 | t 651s
[v3] early stop at ep 15
[v3] TEST | acc 0.0757 | f1 0.0247
[v3] done. best_val_f1_ema=0.0230 test_f1=0.0247
[v3] device=mps img=128 batch=96 epochs=35 lr=0.0004 mixup=0.2 ls=0.1 ema=0.999 amp=True
[v3] rows tr/va/te = 25309/3457/3066
[v3] params: 1,314,994
[v3] RESUMED from ep 15 (best f1 0.0230) → starting ep 16
[v3] ep 16 | tr 1.3797 | vl_ema 3.6379 | acc 0.0512 | f1 0.0112 | lr 2.47e-04 | t 43s
[v3] early stop at ep 16
[v3] TEST | acc 0.0757 | f1 0.0247
[v3] done. best_val_f1_ema=0.0230 test_f1=0.0247
[v3] device=mps img=128 batch=96 epochs=35 lr=0.0004 mixup=0.2 ls=0.1 ema=0.999 amp=True
[v3] rows tr/va/te = 25309/3457/3066
[v3] params: 1,314,994
[v3] no resume file at checkpoints/gesture_v3.last.pt, starting fresh.
[v3] ep  0 | tr 2.9944 | vl_ema 2.9311 | acc 0.0581 | f1 0.0062 * | lr 2.00e-04 | t 43s
[v3] ep  1 | tr 2.8329 | vl_ema 3.0142 | acc 0.0518 | f1 0.0055 | lr 4.00e-04 | t 70s
[v3] ep  2 | tr 2.6516 | vl_ema 3.2138 | acc 0.0518 | f1 0.0055 | lr 4.00e-04 | t 101s
[v3] ep  3 | tr 2.4128 | vl_ema 3.1671 | acc 0.0547 | f1 0.0058 | lr 3.99e-04 | t 135s
[v3] ep  4 | tr 2.2133 | vl_ema 3.1460 | acc 0.0555 | f1 0.0072 * | lr 3.96e-04 | t 195s
[v3] ep  5 | tr 2.0592 | vl_ema 3.0302 | acc 0.0749 | f1 0.0168 * | lr 3.92e-04 | t 257s
[v3] ep  6 | tr 1.9139 | vl_ema 3.0328 | acc 0.0581 | f1 0.0109 | lr 3.86e-04 | t 305s
[v3] ep  7 | tr 1.8223 | vl_ema 3.0293 | acc 0.0541 | f1 0.0077 | lr 3.78e-04 | t 348s
[v3] ep  8 | tr 1.7346 | vl_ema 3.4586 | acc 0.0553 | f1 0.0091 | lr 3.68e-04 | t 390s
[v3] ep  9 | tr 1.6850 | vl_ema 3.3728 | acc 0.0532 | f1 0.0056 | lr 3.57e-04 | t 430s
[v3] ep 10 | tr 1.6000 | vl_ema 3.2439 | acc 0.0448 | f1 0.0138 | lr 3.45e-04 | t 470s
[v3] ep 11 | tr 1.5821 | vl_ema 3.6976 | acc 0.0466 | f1 0.0059 | lr 3.31e-04 | t 509s
[v3] ep 12 | tr 1.5391 | vl_ema 3.8734 | acc 0.0208 | f1 0.0041 | lr 3.16e-04 | t 548s
[v3] ep 13 | tr 1.4581 | vl_ema 3.7304 | acc 0.0255 | f1 0.0051 | lr 3.00e-04 | t 587s
[v3] early stop at ep 13
[v3] TEST | acc 0.0708 | f1 0.0158
[v3] done. best_val_f1_ema=0.0168 test_f1=0.0158
