[v3] device=mps params=1,928,611 batches/ep tr=1831 va=102 amp=True
[v3] img=256 batch=16 epochs=25 lr=0.0004 warmup=2 ema=0.999
[v3] no resume file at checkpoints/hand_seg_v3.last.pt, starting fresh.
[v3] ep 0 batch    0/1831 | run 1.4742 | lr 2.00e-04 | t 10s
[v3] ep 0 batch   50/1831 | run 1.2643 | lr 2.00e-04 | t 16s
[v3] ep 0 batch  100/1831 | run 1.1893 | lr 2.00e-04 | t 23s
[v3] ep 0 batch  150/1831 | run 1.1405 | lr 2.00e-04 | t 31s
[v3] ep 0 batch  200/1831 | run 1.1035 | lr 2.00e-04 | t 38s
[v3] ep 0 batch  250/1831 | run 1.0713 | lr 2.00e-04 | t 46s
[v3] ep 0 batch  300/1831 | run 1.0448 | lr 2.00e-04 | t 53s
[v3] ep 0 batch  350/1831 | run 1.0213 | lr 2.00e-04 | t 61s
[v3] ep 0 batch  400/1831 | run 1.0007 | lr 2.00e-04 | t 69s
[v3] ep 0 batch  450/1831 | run 0.9821 | lr 2.00e-04 | t 77s
[v3] ep 0 batch  500/1831 | run 0.9643 | lr 2.00e-04 | t 85s
[v3] ep 0 batch  550/1831 | run 0.9479 | lr 2.00e-04 | t 94s
[v3] ep 0 batch  600/1831 | run 0.9322 | lr 2.00e-04 | t 102s
[v3] ep 0 batch  650/1831 | run 0.9165 | lr 2.00e-04 | t 110s
[v3] ep 0 batch  700/1831 | run 0.9024 | lr 2.00e-04 | t 117s
[v3] ep 0 batch  750/1831 | run 0.8881 | lr 2.00e-04 | t 126s
[v3] ep 0 batch  800/1831 | run 0.8751 | lr 2.00e-04 | t 134s
[v3] ep 0 batch  850/1831 | run 0.8625 | lr 2.00e-04 | t 143s
[v3] ep 0 batch  900/1831 | run 0.8502 | lr 2.00e-04 | t 152s
[v3] ep 0 batch  950/1831 | run 0.8391 | lr 2.00e-04 | t 162s
[v3] ep 0 batch 1000/1831 | run 0.8275 | lr 2.00e-04 | t 173s
[v3] ep 0 batch 1050/1831 | run 0.8170 | lr 2.00e-04 | t 184s
[v3] ep 0 batch 1100/1831 | run 0.8074 | lr 2.00e-04 | t 196s
[v3] ep 0 batch 1150/1831 | run 0.7973 | lr 2.00e-04 | t 208s
[v3] ep 0 batch 1200/1831 | run 0.7871 | lr 2.00e-04 | t 220s
[v3] ep 0 batch 1250/1831 | run 0.7783 | lr 2.00e-04 | t 232s
[v3] ep 0 batch 1300/1831 | run 0.7699 | lr 2.00e-04 | t 244s
[v3] ep 0 batch 1350/1831 | run 0.7612 | lr 2.00e-04 | t 256s
[v3] ep 0 batch 1400/1831 | run 0.7531 | lr 2.00e-04 | t 267s
[v3] ep 0 batch 1450/1831 | run 0.7453 | lr 2.00e-04 | t 278s
[v3] ep 0 batch 1500/1831 | run 0.7381 | lr 2.00e-04 | t 288s
[v3] ep 0 batch 1550/1831 | run 0.7305 | lr 2.00e-04 | t 299s
[v3] ep 0 batch 1600/1831 | run 0.7234 | lr 2.00e-04 | t 309s
[v3] ep 0 batch 1650/1831 | run 0.7166 | lr 2.00e-04 | t 319s
[v3] ep 0 batch 1700/1831 | run 0.7095 | lr 2.00e-04 | t 329s
[v3] ep 0 batch 1750/1831 | run 0.7033 | lr 2.00e-04 | t 340s
[v3] ep 0 batch 1800/1831 | run 0.6970 | lr 2.00e-04 | t 351s
[v3] ep  0 | tr 0.6930 | vl_ema 0.5969 | iou_ema 0.0000 *NEW BEST* | total 368s
[v3] ep 1 batch    0/1831 | run 0.4320 | lr 4.00e-04 | t 0s
[v3] ep 1 batch   50/1831 | run 0.5019 | lr 4.00e-04 | t 10s
[v3] ep 1 batch  100/1831 | run 0.4936 | lr 4.00e-04 | t 21s
[v3] ep 1 batch  150/1831 | run 0.4930 | lr 4.00e-04 | t 30s
[v3] ep 1 batch  200/1831 | run 0.4939 | lr 4.00e-04 | t 41s
[v3] ep 1 batch  250/1831 | run 0.4905 | lr 4.00e-04 | t 51s
[v3] ep 1 batch  300/1831 | run 0.4864 | lr 4.00e-04 | t 61s
[v3] ep 1 batch  350/1831 | run 0.4821 | lr 4.00e-04 | t 70s
[v3] ep 1 batch  400/1831 | run 0.4774 | lr 4.00e-04 | t 82s
[v3] ep 1 batch  450/1831 | run 0.4741 | lr 4.00e-04 | t 94s
[v3] ep 1 batch  500/1831 | run 0.4709 | lr 4.00e-04 | t 106s
[v3] ep 1 batch  550/1831 | run 0.4696 | lr 4.00e-04 | t 120s
[v3] ep 1 batch  600/1831 | run 0.4662 | lr 4.00e-04 | t 132s
[v3] ep 1 batch  650/1831 | run 0.4630 | lr 4.00e-04 | t 144s
[v3] ep 1 batch  700/1831 | run 0.4591 | lr 4.00e-04 | t 156s
[v3] ep 1 batch  750/1831 | run 0.4551 | lr 4.00e-04 | t 166s
[v3] ep 1 batch  800/1831 | run 0.4530 | lr 4.00e-04 | t 176s
[v3] ep 1 batch  850/1831 | run 0.4512 | lr 4.00e-04 | t 187s
[v3] ep 1 batch  900/1831 | run 0.4488 | lr 4.00e-04 | t 197s
[v3] ep 1 batch  950/1831 | run 0.4477 | lr 4.00e-04 | t 207s
[v3] ep 1 batch 1000/1831 | run 0.4465 | lr 4.00e-04 | t 217s
[v3] ep 1 batch 1050/1831 | run 0.4463 | lr 4.00e-04 | t 228s
[v3] ep 1 batch 1100/1831 | run 0.4464 | lr 4.00e-04 | t 238s
[v3] ep 1 batch 1150/1831 | run 0.4483 | lr 4.00e-04 | t 248s
[v3] ep 1 batch 1200/1831 | run 0.4498 | lr 4.00e-04 | t 258s
[v3] ep 1 batch 1250/1831 | run 0.4540 | lr 4.00e-04 | t 268s
[v3] ep 1 batch 1300/1831 | run 0.4572 | lr 4.00e-04 | t 278s
[v3] ep 1 batch 1350/1831 | run 0.4613 | lr 4.00e-04 | t 288s
[v3] ep 1 batch 1400/1831 | run 0.4662 | lr 4.00e-04 | t 298s
[v3] ep 1 batch 1450/1831 | run 0.4711 | lr 4.00e-04 | t 308s
[v3] ep 1 batch 1500/1831 | run 0.4752 | lr 4.00e-04 | t 319s
[v3] ep 1 batch 1550/1831 | run 0.4809 | lr 4.00e-04 | t 328s
[v3] ep 1 batch 1600/1831 | run 0.4840 | lr 4.00e-04 | t 338s
[v3] ep 1 batch 1650/1831 | run 0.4889 | lr 4.00e-04 | t 348s
[v3] ep 1 batch 1700/1831 | run 0.4912 | lr 4.00e-04 | t 358s
[v3] ep 1 batch 1750/1831 | run 0.4950 | lr 4.00e-04 | t 368s
[v3] ep 1 batch 1800/1831 | run 0.5011 | lr 4.00e-04 | t 378s
[v3] ep  1 | tr 0.5048 | vl_ema 0.9028 | iou_ema 0.0000 *NEW BEST* | total 759s
[v3] ep 2 batch    0/1831 | run 0.6852 | lr 4.00e-04 | t 0s
[v3] ep 2 batch   50/1831 | run 0.8172 | lr 4.00e-04 | t 10s
[v3] ep 2 batch  100/1831 | run 0.8098 | lr 4.00e-04 | t 20s
[v3] ep 2 batch  150/1831 | run 0.7816 | lr 4.00e-04 | t 30s
[v3] ep 2 batch  200/1831 | run 0.7528 | lr 4.00e-04 | t 40s
[v3] ep 2 batch  250/1831 | run 0.7419 | lr 4.00e-04 | t 50s
[v3] ep 2 batch  300/1831 | run 0.7291 | lr 4.00e-04 | t 59s
[v3] ep 2 batch  350/1831 | run 0.7262 | lr 4.00e-04 | t 69s
[v3] ep 2 batch  400/1831 | run 0.7244 | lr 4.00e-04 | t 79s
[v3] ep 2 batch  450/1831 | run 0.7239 | lr 4.00e-04 | t 89s
[v3] ep 2 batch  500/1831 | run 0.7347 | lr 4.00e-04 | t 99s
[v3] ep 2 batch  550/1831 | run 0.7460 | lr 4.00e-04 | t 109s
[v3] ep 2 batch  600/1831 | run 0.7486 | lr 4.00e-04 | t 118s
[v3] ep 2 batch  650/1831 | run 0.7471 | lr 4.00e-04 | t 128s
[v3] ep 2 batch  700/1831 | run 0.7435 | lr 4.00e-04 | t 138s
[v3] ep 2 batch  750/1831 | run 0.7448 | lr 4.00e-04 | t 148s
[v3] ep 2 batch  800/1831 | run 0.7466 | lr 4.00e-04 | t 158s
[v3] ep 2 batch  850/1831 | run 0.7478 | lr 4.00e-04 | t 167s
[v3] ep 2 batch  900/1831 | run 0.7470 | lr 4.00e-04 | t 177s
[v3] ep 2 batch  950/1831 | run 0.7421 | lr 4.00e-04 | t 187s
[v3] ep 2 batch 1000/1831 | run 0.7366 | lr 4.00e-04 | t 197s
[v3] ep 2 batch 1050/1831 | run 0.7316 | lr 4.00e-04 | t 207s
[v3] ep 2 batch 1100/1831 | run 0.7293 | lr 4.00e-04 | t 216s
[v3] ep 2 batch 1150/1831 | run 0.7268 | lr 4.00e-04 | t 226s
[v3] ep 2 batch 1200/1831 | run 0.7233 | lr 4.00e-04 | t 236s
[v3] ep 2 batch 1250/1831 | run 0.7210 | lr 4.00e-04 | t 246s
[v3] ep 2 batch 1300/1831 | run 0.7199 | lr 4.00e-04 | t 256s
[v3] ep 2 batch 1350/1831 | run 0.7202 | lr 4.00e-04 | t 266s
[v3] ep 2 batch 1400/1831 | run 0.7208 | lr 4.00e-04 | t 276s
[v3] ep 2 batch 1450/1831 | run 0.7214 | lr 4.00e-04 | t 286s
[v3] ep 2 batch 1500/1831 | run 0.7227 | lr 4.00e-04 | t 297s
[v3] ep 2 batch 1550/1831 | run 0.7229 | lr 4.00e-04 | t 307s
[v3] ep 2 batch 1600/1831 | run 0.7224 | lr 4.00e-04 | t 317s
[v3] ep 2 batch 1650/1831 | run 0.7228 | lr 4.00e-04 | t 327s
[v3] ep 2 batch 1700/1831 | run 0.7228 | lr 4.00e-04 | t 337s
[v3] ep 2 batch 1750/1831 | run 0.7217 | lr 4.00e-04 | t 347s
[v3] ep 2 batch 1800/1831 | run 0.7201 | lr 4.00e-04 | t 357s
[v3] ep  2 | tr 0.7189 | vl_ema 0.7591 | iou_ema 0.0000 *NEW BEST* | total 1128s
[v3] ep 3 batch    0/1831 | run 0.6354 | lr 3.98e-04 | t 0s
[v3] ep 3 batch   50/1831 | run 0.6752 | lr 3.98e-04 | t 10s
[v3] ep 3 batch  100/1831 | run 0.6628 | lr 3.98e-04 | t 20s
[v3] ep 3 batch  150/1831 | run 0.6529 | lr 3.98e-04 | t 30s
[v3] ep 3 batch  200/1831 | run 0.6431 | lr 3.98e-04 | t 40s
[v3] ep 3 batch  250/1831 | run 0.6561 | lr 3.98e-04 | t 50s
[v3] ep 3 batch  300/1831 | run 0.6688 | lr 3.98e-04 | t 60s
[v3] ep 3 batch  350/1831 | run 0.6715 | lr 3.98e-04 | t 70s
[v3] ep 3 batch  400/1831 | run 0.6751 | lr 3.98e-04 | t 80s
[v3] ep 3 batch  450/1831 | run 0.6759 | lr 3.98e-04 | t 90s
[v3] ep 3 batch  500/1831 | run 0.6756 | lr 3.98e-04 | t 100s
[v3] ep 3 batch  550/1831 | run 0.6796 | lr 3.98e-04 | t 110s
[v3] ep 3 batch  600/1831 | run 0.6805 | lr 3.98e-04 | t 120s
[v3] ep 3 batch  650/1831 | run 0.6794 | lr 3.98e-04 | t 130s
[v3] ep 3 batch  700/1831 | run 0.6778 | lr 3.98e-04 | t 140s
[v3] ep 3 batch  750/1831 | run 0.6752 | lr 3.98e-04 | t 150s
[v3] ep 3 batch  800/1831 | run 0.6724 | lr 3.98e-04 | t 160s
[v3] ep 3 batch  850/1831 | run 0.6710 | lr 3.98e-04 | t 170s
[v3] ep 3 batch  900/1831 | run 0.6714 | lr 3.98e-04 | t 180s
[v3] ep 3 batch  950/1831 | run 0.6703 | lr 3.98e-04 | t 189s
[v3] ep 3 batch 1000/1831 | run 0.6705 | lr 3.98e-04 | t 199s
[v3] ep 3 batch 1050/1831 | run 0.6737 | lr 3.98e-04 | t 209s
[v3] ep 3 batch 1100/1831 | run 0.6759 | lr 3.98e-04 | t 219s
[v3] ep 3 batch 1150/1831 | run 0.6776 | lr 3.98e-04 | t 229s
[v3] ep 3 batch 1200/1831 | run 0.6791 | lr 3.98e-04 | t 239s
[v3] ep 3 batch 1250/1831 | run 0.6815 | lr 3.98e-04 | t 248s
[v3] ep 3 batch 1300/1831 | run 0.6840 | lr 3.98e-04 | t 258s
[v3] ep 3 batch 1350/1831 | run 0.6867 | lr 3.98e-04 | t 268s
[v3] ep 3 batch 1400/1831 | run 0.6898 | lr 3.98e-04 | t 278s
[v3] ep 3 batch 1450/1831 | run 0.6914 | lr 3.98e-04 | t 288s
[v3] ep 3 batch 1500/1831 | run 0.6926 | lr 3.98e-04 | t 297s
[v3] ep 3 batch 1550/1831 | run 0.6937 | lr 3.98e-04 | t 307s
[v3] ep 3 batch 1600/1831 | run 0.6956 | lr 3.98e-04 | t 318s
[v3] ep 3 batch 1650/1831 | run 0.6979 | lr 3.98e-04 | t 328s
[v3] ep 3 batch 1700/1831 | run 0.7010 | lr 3.98e-04 | t 338s
[v3] ep 3 batch 1750/1831 | run 0.7031 | lr 3.98e-04 | t 348s
[v3] ep 3 batch 1800/1831 | run 0.7064 | lr 3.98e-04 | t 358s
[v3] ep  3 | tr 0.7079 | vl_ema 14.6998 | iou_ema 0.0343 *NEW BEST* | total 1498s
[v3] ep 4 batch    0/1831 | run 0.7930 | lr 3.93e-04 | t 0s
[v3] ep 4 batch   50/1831 | run 0.8316 | lr 3.93e-04 | t 10s
[v3] ep 4 batch  100/1831 | run 0.8181 | lr 3.93e-04 | t 20s
[v3] ep 4 batch  150/1831 | run 0.8129 | lr 3.93e-04 | t 30s
[v3] ep 4 batch  200/1831 | run 0.8062 | lr 3.93e-04 | t 40s
[v3] ep 4 batch  250/1831 | run 0.7993 | lr 3.93e-04 | t 50s
[v3] ep 4 batch  300/1831 | run 0.7994 | lr 3.93e-04 | t 60s
[v3] ep 4 batch  350/1831 | run 0.8047 | lr 3.93e-04 | t 70s
[v3] ep 4 batch  400/1831 | run 0.8053 | lr 3.93e-04 | t 80s
[v3] ep 4 batch  450/1831 | run 0.8056 | lr 3.93e-04 | t 90s
[v3] ep 4 batch  500/1831 | run 0.8047 | lr 3.93e-04 | t 99s
[v3] ep 4 batch  550/1831 | run 0.8039 | lr 3.93e-04 | t 109s
[v3] ep 4 batch  600/1831 | run 0.8044 | lr 3.93e-04 | t 119s
[v3] ep 4 batch  650/1831 | run 0.8054 | lr 3.93e-04 | t 129s
[v3] ep 4 batch  700/1831 | run 0.8057 | lr 3.93e-04 | t 139s
[v3] ep 4 batch  750/1831 | run 0.8075 | lr 3.93e-04 | t 149s
[v3] ep 4 batch  800/1831 | run 0.8072 | lr 3.93e-04 | t 160s
[v3] ep 4 batch  850/1831 | run 0.8090 | lr 3.93e-04 | t 170s
[v3] ep 4 batch  900/1831 | run 0.8161 | lr 3.93e-04 | t 180s
[v3] ep 4 batch  950/1831 | run 0.8207 | lr 3.93e-04 | t 190s
[v3] ep 4 batch 1000/1831 | run 0.8260 | lr 3.93e-04 | t 200s
[v3] ep 4 batch 1050/1831 | run 0.8303 | lr 3.93e-04 | t 210s
[v3] ep 4 batch 1100/1831 | run 0.8335 | lr 3.93e-04 | t 220s
[v3] ep 4 batch 1150/1831 | run 0.8363 | lr 3.93e-04 | t 230s
[v3] device=mps params=1,928,611 batches/ep tr=1831 va=102 amp=True
[v3] img=256 batch=16 epochs=25 lr=0.0002 warmup=2 ema=0.999
[v3] RESUMED from ep 3 (best iou 0.0343) → starting ep 4
[v3] ep 4 batch    0/1831 | run 0.8011 | lr 1.96e-04 | t 8s
[v3] device=mps params=1,928,611 batches/ep tr=1831 va=102 amp=True
[v3] img=256 batch=16 epochs=25 lr=0.0002 warmup=2 ema=0.999
[v3] no resume file at checkpoints/hand_seg_v3.last.pt, starting fresh.
[v3] ep 0 batch    0/1831 | run 1.4749 | lr 6.67e-05 | t 6s
[v3] ep 0 batch   50/1831 | run 1.3261 | lr 6.67e-05 | t 12s
[v3] ep 0 batch  100/1831 | run 1.2375 | lr 6.67e-05 | t 19s
[v3] ep 0 batch  150/1831 | run 1.1794 | lr 6.67e-05 | t 27s
[v3] ep 0 batch  200/1831 | run 1.1391 | lr 6.67e-05 | t 34s
[v3] ep 0 batch  250/1831 | run 1.1053 | lr 6.67e-05 | t 41s
[v3] ep 0 batch  300/1831 | run 1.0779 | lr 6.67e-05 | t 49s
[v3] ep 0 batch  350/1831 | run 1.0542 | lr 6.67e-05 | t 56s
[v3] ep 0 batch  400/1831 | run 1.0337 | lr 6.67e-05 | t 64s
[v3] ep 0 batch  450/1831 | run 1.0161 | lr 6.67e-05 | t 72s
[v3] ep 0 batch  500/1831 | run 1.0005 | lr 6.67e-05 | t 80s
[v3] ep 0 batch  550/1831 | run 0.9860 | lr 6.67e-05 | t 88s
[v3] ep 0 batch  600/1831 | run 0.9732 | lr 6.67e-05 | t 97s
[v3] ep 0 batch  650/1831 | run 0.9607 | lr 6.67e-05 | t 105s
[v3] ep 0 batch  700/1831 | run 0.9490 | lr 6.67e-05 | t 113s
[v3] ep 0 batch  750/1831 | run 0.9381 | lr 6.67e-05 | t 121s
[v3] ep 0 batch  800/1831 | run 0.9282 | lr 6.67e-05 | t 129s
[v3] ep 0 batch  850/1831 | run 0.9184 | lr 6.67e-05 | t 138s
[v3] ep 0 batch  900/1831 | run 0.9092 | lr 6.67e-05 | t 147s
[v3] ep 0 batch  950/1831 | run 0.9009 | lr 6.67e-05 | t 156s
[v3] ep 0 batch 1000/1831 | run 0.8921 | lr 6.67e-05 | t 167s
[v3] ep 0 batch 1050/1831 | run 0.8842 | lr 6.67e-05 | t 178s
[v3] ep 0 batch 1100/1831 | run 0.8768 | lr 6.67e-05 | t 190s
[v3] ep 0 batch 1150/1831 | run 0.8691 | lr 6.67e-05 | t 203s
[v3] ep 0 batch 1200/1831 | run 0.8611 | lr 6.67e-05 | t 217s
[v3] ep 0 batch 1250/1831 | run 0.8543 | lr 6.67e-05 | t 230s
[v3] ep 0 batch 1300/1831 | run 0.8480 | lr 6.67e-05 | t 242s
[v3] ep 0 batch 1350/1831 | run 0.8412 | lr 6.67e-05 | t 254s
[v3] ep 0 batch 1400/1831 | run 0.8349 | lr 6.67e-05 | t 265s
[v3] ep 0 batch 1450/1831 | run 0.8288 | lr 6.67e-05 | t 276s
[v3] ep 0 batch 1500/1831 | run 0.8230 | lr 6.67e-05 | t 287s
[v3] ep 0 batch 1550/1831 | run 0.8170 | lr 6.67e-05 | t 298s
[v3] ep 0 batch 1600/1831 | run 0.8112 | lr 6.67e-05 | t 309s
[v3] ep 0 batch 1650/1831 | run 0.8056 | lr 6.67e-05 | t 319s
[v3] ep 0 batch 1700/1831 | run 0.8000 | lr 6.67e-05 | t 330s
[v3] ep 0 batch 1750/1831 | run 0.7950 | lr 6.67e-05 | t 340s
[v3] ep 0 batch 1800/1831 | run 0.7897 | lr 6.67e-05 | t 351s
[v3] ep  0 | tr 0.7866 | vl_ema 0.5689 | iou_ema 0.2100 *NEW BEST* | total 368s
[v3] ep 1 batch    0/1831 | run 0.6045 | lr 1.33e-04 | t 0s
[v3] ep 1 batch   50/1831 | run 0.6106 | lr 1.33e-04 | t 11s
[v3] ep 1 batch  100/1831 | run 0.6068 | lr 1.33e-04 | t 21s
[v3] ep 1 batch  150/1831 | run 0.5970 | lr 1.33e-04 | t 31s
[v3] ep 1 batch  200/1831 | run 0.5926 | lr 1.33e-04 | t 42s
[v3] ep 1 batch  250/1831 | run 0.5872 | lr 1.33e-04 | t 52s
[v3] ep 1 batch  300/1831 | run 0.5809 | lr 1.33e-04 | t 62s
[v3] ep 1 batch  350/1831 | run 0.5759 | lr 1.33e-04 | t 72s
[v3] ep 1 batch  400/1831 | run 0.5707 | lr 1.33e-04 | t 83s
[v3] ep 1 batch  450/1831 | run 0.5659 | lr 1.33e-04 | t 93s
[v3] ep 1 batch  500/1831 | run 0.5605 | lr 1.33e-04 | t 103s
[v3] ep 1 batch  550/1831 | run 0.5568 | lr 1.33e-04 | t 113s
[v3] ep 1 batch  600/1831 | run 0.5522 | lr 1.33e-04 | t 124s
[v3] ep 1 batch  650/1831 | run 0.5483 | lr 1.33e-04 | t 134s
[v3] ep 1 batch  700/1831 | run 0.5432 | lr 1.33e-04 | t 144s
[v3] ep 1 batch  750/1831 | run 0.5387 | lr 1.33e-04 | t 154s
[v3] ep 1 batch  800/1831 | run 0.5356 | lr 1.33e-04 | t 164s
[v3] ep 1 batch  850/1831 | run 0.5323 | lr 1.33e-04 | t 175s
[v3] ep 1 batch  900/1831 | run 0.5284 | lr 1.33e-04 | t 185s
[v3] ep 1 batch  950/1831 | run 0.5253 | lr 1.33e-04 | t 195s
[v3] ep 1 batch 1000/1831 | run 0.5219 | lr 1.33e-04 | t 205s
[v3] ep 1 batch 1050/1831 | run 0.5189 | lr 1.33e-04 | t 215s
[v3] ep 1 batch 1100/1831 | run 0.5153 | lr 1.33e-04 | t 226s
[v3] ep 1 batch 1150/1831 | run 0.5127 | lr 1.33e-04 | t 236s
[v3] ep 1 batch 1200/1831 | run 0.5090 | lr 1.33e-04 | t 246s
[v3] ep 1 batch 1250/1831 | run 0.5054 | lr 1.33e-04 | t 256s
[v3] ep 1 batch 1300/1831 | run 0.5022 | lr 1.33e-04 | t 266s
[v3] ep 1 batch 1350/1831 | run 0.4991 | lr 1.33e-04 | t 276s
[v3] ep 1 batch 1400/1831 | run 0.4961 | lr 1.33e-04 | t 287s
[v3] ep 1 batch 1450/1831 | run 0.4934 | lr 1.33e-04 | t 297s
[v3] ep 1 batch 1500/1831 | run 0.4904 | lr 1.33e-04 | t 307s
[v3] ep 1 batch 1550/1831 | run 0.4875 | lr 1.33e-04 | t 317s
[v3] ep 1 batch 1600/1831 | run 0.4846 | lr 1.33e-04 | t 327s
[v3] ep 1 batch 1650/1831 | run 0.4820 | lr 1.33e-04 | t 337s
[v3] ep 1 batch 1700/1831 | run 0.4792 | lr 1.33e-04 | t 347s
[v3] ep 1 batch 1750/1831 | run 0.4758 | lr 1.33e-04 | t 358s
[v3] ep 1 batch 1800/1831 | run 0.4735 | lr 1.33e-04 | t 368s
[v3] ep  1 | tr 0.4719 | vl_ema 0.3060 | iou_ema 0.6428 *NEW BEST* | total 748s
[v3] ep 2 batch    0/1831 | run 0.3223 | lr 2.00e-04 | t 0s
[v3] ep 2 batch   50/1831 | run 0.3726 | lr 2.00e-04 | t 11s
[v3] ep 2 batch  100/1831 | run 0.3826 | lr 2.00e-04 | t 21s
[v3] ep 2 batch  150/1831 | run 0.3850 | lr 2.00e-04 | t 31s
[v3] ep 2 batch  200/1831 | run 0.3849 | lr 2.00e-04 | t 41s
[v3] ep 2 batch  250/1831 | run 0.3811 | lr 2.00e-04 | t 51s
[v3] ep 2 batch  300/1831 | run 0.3784 | lr 2.00e-04 | t 62s
[v3] ep 2 batch  350/1831 | run 0.3760 | lr 2.00e-04 | t 72s
[v3] ep 2 batch  400/1831 | run 0.3747 | lr 2.00e-04 | t 82s
[v3] ep 2 batch  450/1831 | run 0.3722 | lr 2.00e-04 | t 92s
[v3] ep 2 batch  500/1831 | run 0.3684 | lr 2.00e-04 | t 103s
[v3] ep 2 batch  550/1831 | run 0.3668 | lr 2.00e-04 | t 113s
[v3] ep 2 batch  600/1831 | run 0.3651 | lr 2.00e-04 | t 123s
[v3] ep 2 batch  650/1831 | run 0.3642 | lr 2.00e-04 | t 134s
[v3] ep 2 batch  700/1831 | run 0.3637 | lr 2.00e-04 | t 144s
[v3] ep 2 batch  750/1831 | run 0.3619 | lr 2.00e-04 | t 154s
[v3] ep 2 batch  800/1831 | run 0.3610 | lr 2.00e-04 | t 164s
[v3] ep 2 batch  850/1831 | run 0.3592 | lr 2.00e-04 | t 174s
[v3] ep 2 batch  900/1831 | run 0.3579 | lr 2.00e-04 | t 184s
[v3] ep 2 batch  950/1831 | run 0.3559 | lr 2.00e-04 | t 195s
[v3] ep 2 batch 1000/1831 | run 0.3546 | lr 2.00e-04 | t 205s
[v3] ep 2 batch 1050/1831 | run 0.3538 | lr 2.00e-04 | t 215s
[v3] ep 2 batch 1100/1831 | run 0.3525 | lr 2.00e-04 | t 225s
[v3] ep 2 batch 1150/1831 | run 0.3508 | lr 2.00e-04 | t 235s
[v3] ep 2 batch 1200/1831 | run 0.3497 | lr 2.00e-04 | t 245s
[v3] ep 2 batch 1250/1831 | run 0.3483 | lr 2.00e-04 | t 255s
[v3] ep 2 batch 1300/1831 | run 0.3473 | lr 2.00e-04 | t 265s
[v3] ep 2 batch 1350/1831 | run 0.3463 | lr 2.00e-04 | t 275s
[v3] ep 2 batch 1400/1831 | run 0.3451 | lr 2.00e-04 | t 285s
[v3] ep 2 batch 1450/1831 | run 0.3442 | lr 2.00e-04 | t 295s
[v3] ep 2 batch 1500/1831 | run 0.3428 | lr 2.00e-04 | t 304s
[v3] ep 2 batch 1550/1831 | run 0.3420 | lr 2.00e-04 | t 314s
[v3] ep 2 batch 1600/1831 | run 0.3406 | lr 2.00e-04 | t 324s
[v3] ep 2 batch 1650/1831 | run 0.3398 | lr 2.00e-04 | t 334s
[v3] ep 2 batch 1700/1831 | run 0.3389 | lr 2.00e-04 | t 344s
[v3] ep 2 batch 1750/1831 | run 0.3377 | lr 2.00e-04 | t 354s
[v3] ep 2 batch 1800/1831 | run 0.3369 | lr 2.00e-04 | t 364s
[v3] ep  2 | tr 0.3362 | vl_ema 0.1755 | iou_ema 0.7320 *NEW BEST* | total 1124s
[v3] ep 3 batch    0/1831 | run 0.2318 | lr 1.99e-04 | t 0s
[v3] ep 3 batch   50/1831 | run 0.2906 | lr 1.99e-04 | t 10s
[v3] ep 3 batch  100/1831 | run 0.2908 | lr 1.99e-04 | t 20s
[v3] ep 3 batch  150/1831 | run 0.2931 | lr 1.99e-04 | t 29s
[v3] ep 3 batch  200/1831 | run 0.2947 | lr 1.99e-04 | t 39s
[v3] ep 3 batch  250/1831 | run 0.2959 | lr 1.99e-04 | t 49s
[v3] ep 3 batch  300/1831 | run 0.2955 | lr 1.99e-04 | t 59s
[v3] ep 3 batch  350/1831 | run 0.2944 | lr 1.99e-04 | t 68s
[v3] ep 3 batch  400/1831 | run 0.2920 | lr 1.99e-04 | t 78s
[v3] ep 3 batch  450/1831 | run 0.2903 | lr 1.99e-04 | t 88s
[v3] ep 3 batch  500/1831 | run 0.2900 | lr 1.99e-04 | t 98s
[v3] ep 3 batch  550/1831 | run 0.2896 | lr 1.99e-04 | t 108s
[v3] ep 3 batch  600/1831 | run 0.2900 | lr 1.99e-04 | t 118s
[v3] ep 3 batch  650/1831 | run 0.2902 | lr 1.99e-04 | t 127s
[v3] ep 3 batch  700/1831 | run 0.2891 | lr 1.99e-04 | t 139s
[v3] ep 3 batch  750/1831 | run 0.2872 | lr 1.99e-04 | t 149s
[v3] ep 3 batch  800/1831 | run 0.2873 | lr 1.99e-04 | t 159s
[v3] ep 3 batch  850/1831 | run 0.2869 | lr 1.99e-04 | t 169s
[v3] ep 3 batch  900/1831 | run 0.2866 | lr 1.99e-04 | t 179s
[v3] ep 3 batch  950/1831 | run 0.2860 | lr 1.99e-04 | t 189s
[v3] ep 3 batch 1000/1831 | run 0.2855 | lr 1.99e-04 | t 199s
[v3] ep 3 batch 1050/1831 | run 0.2853 | lr 1.99e-04 | t 209s
[v3] ep 3 batch 1100/1831 | run 0.2839 | lr 1.99e-04 | t 219s
[v3] ep 3 batch 1150/1831 | run 0.2835 | lr 1.99e-04 | t 229s
[v3] ep 3 batch 1200/1831 | run 0.2828 | lr 1.99e-04 | t 239s
[v3] ep 3 batch 1250/1831 | run 0.2822 | lr 1.99e-04 | t 249s
[v3] ep 3 batch 1300/1831 | run 0.2821 | lr 1.99e-04 | t 259s
[v3] ep 3 batch 1350/1831 | run 0.2816 | lr 1.99e-04 | t 269s
[v3] ep 3 batch 1400/1831 | run 0.2811 | lr 1.99e-04 | t 278s
[v3] ep 3 batch 1450/1831 | run 0.2799 | lr 1.99e-04 | t 288s
[v3] ep 3 batch 1500/1831 | run 0.2792 | lr 1.99e-04 | t 298s
[v3] ep 3 batch 1550/1831 | run 0.2785 | lr 1.99e-04 | t 308s
[v3] ep 3 batch 1600/1831 | run 0.2782 | lr 1.99e-04 | t 318s
[v3] ep 3 batch 1650/1831 | run 0.2778 | lr 1.99e-04 | t 327s
[v3] ep 3 batch 1700/1831 | run 0.2777 | lr 1.99e-04 | t 337s
[v3] ep 3 batch 1750/1831 | run 0.2774 | lr 1.99e-04 | t 347s
[v3] ep 3 batch 1800/1831 | run 0.2769 | lr 1.99e-04 | t 357s
[v3] ep  3 | tr 0.2765 | vl_ema 0.0897 | iou_ema 0.8413 *NEW BEST* | total 1493s
[v3] ep 4 batch    0/1831 | run 0.1742 | lr 1.96e-04 | t 0s
[v3] ep 4 batch   50/1831 | run 0.2579 | lr 1.96e-04 | t 10s
[v3] ep 4 batch  100/1831 | run 0.2486 | lr 1.96e-04 | t 20s
[v3] ep 4 batch  150/1831 | run 0.2527 | lr 1.96e-04 | t 29s
[v3] ep 4 batch  200/1831 | run 0.2553 | lr 1.96e-04 | t 39s
[v3] ep 4 batch  250/1831 | run 0.2564 | lr 1.96e-04 | t 49s
[v3] ep 4 batch  300/1831 | run 0.2569 | lr 1.96e-04 | t 58s
[v3] ep 4 batch  350/1831 | run 0.2560 | lr 1.96e-04 | t 68s
[v3] ep 4 batch  400/1831 | run 0.2571 | lr 1.96e-04 | t 78s
[v3] ep 4 batch  450/1831 | run 0.2573 | lr 1.96e-04 | t 87s
[v3] ep 4 batch  500/1831 | run 0.2570 | lr 1.96e-04 | t 97s
[v3] ep 4 batch  550/1831 | run 0.2574 | lr 1.96e-04 | t 106s
[v3] ep 4 batch  600/1831 | run 0.2562 | lr 1.96e-04 | t 116s
[v3] ep 4 batch  650/1831 | run 0.2559 | lr 1.96e-04 | t 126s
[v3] ep 4 batch  700/1831 | run 0.2559 | lr 1.96e-04 | t 135s
[v3] ep 4 batch  750/1831 | run 0.2548 | lr 1.96e-04 | t 145s
[v3] ep 4 batch  800/1831 | run 0.2543 | lr 1.96e-04 | t 154s
[v3] ep 4 batch  850/1831 | run 0.2538 | lr 1.96e-04 | t 164s
[v3] ep 4 batch  900/1831 | run 0.2525 | lr 1.96e-04 | t 174s
[v3] ep 4 batch  950/1831 | run 0.2518 | lr 1.96e-04 | t 183s
[v3] ep 4 batch 1000/1831 | run 0.2512 | lr 1.96e-04 | t 193s
[v3] ep 4 batch 1050/1831 | run 0.2515 | lr 1.96e-04 | t 202s
[v3] ep 4 batch 1100/1831 | run 0.2514 | lr 1.96e-04 | t 212s
[v3] ep 4 batch 1150/1831 | run 0.2510 | lr 1.96e-04 | t 221s
[v3] ep 4 batch 1200/1831 | run 0.2504 | lr 1.96e-04 | t 231s
[v3] ep 4 batch 1250/1831 | run 0.2496 | lr 1.96e-04 | t 241s
[v3] ep 4 batch 1300/1831 | run 0.2484 | lr 1.96e-04 | t 250s
[v3] ep 4 batch 1350/1831 | run 0.2475 | lr 1.96e-04 | t 260s
[v3] ep 4 batch 1400/1831 | run 0.2472 | lr 1.96e-04 | t 269s
[v3] ep 4 batch 1450/1831 | run 0.2465 | lr 1.96e-04 | t 279s
[v3] ep 4 batch 1500/1831 | run 0.2462 | lr 1.96e-04 | t 288s
[v3] ep 4 batch 1550/1831 | run 0.2459 | lr 1.96e-04 | t 298s
[v3] ep 4 batch 1600/1831 | run 0.2455 | lr 1.96e-04 | t 308s
[v3] ep 4 batch 1650/1831 | run 0.2455 | lr 1.96e-04 | t 317s
[v3] ep 4 batch 1700/1831 | run 0.2453 | lr 1.96e-04 | t 327s
[v3] ep 4 batch 1750/1831 | run 0.2450 | lr 1.96e-04 | t 336s
[v3] ep 4 batch 1800/1831 | run 0.2446 | lr 1.96e-04 | t 346s
[v3] ep  4 | tr 0.2445 | vl_ema 0.0743 | iou_ema 0.8617 *NEW BEST* | total 1850s
[v3] ep 5 batch    0/1831 | run 0.2443 | lr 1.92e-04 | t 0s
[v3] ep 5 batch   50/1831 | run 0.2228 | lr 1.92e-04 | t 10s
[v3] ep 5 batch  100/1831 | run 0.2296 | lr 1.92e-04 | t 19s
[v3] ep 5 batch  150/1831 | run 0.2311 | lr 1.92e-04 | t 29s
[v3] ep 5 batch  200/1831 | run 0.2322 | lr 1.92e-04 | t 38s
[v3] ep 5 batch  250/1831 | run 0.2310 | lr 1.92e-04 | t 48s
[v3] ep 5 batch  300/1831 | run 0.2318 | lr 1.92e-04 | t 58s
[v3] ep 5 batch  350/1831 | run 0.2305 | lr 1.92e-04 | t 67s
[v3] ep 5 batch  400/1831 | run 0.2309 | lr 1.92e-04 | t 77s
[v3] ep 5 batch  450/1831 | run 0.2315 | lr 1.92e-04 | t 87s
[v3] ep 5 batch  500/1831 | run 0.2292 | lr 1.92e-04 | t 96s
[v3] ep 5 batch  550/1831 | run 0.2285 | lr 1.92e-04 | t 106s
[v3] ep 5 batch  600/1831 | run 0.2285 | lr 1.92e-04 | t 115s
[v3] ep 5 batch  650/1831 | run 0.2282 | lr 1.92e-04 | t 125s
[v3] ep 5 batch  700/1831 | run 0.2276 | lr 1.92e-04 | t 135s
[v3] ep 5 batch  750/1831 | run 0.2272 | lr 1.92e-04 | t 144s
[v3] ep 5 batch  800/1831 | run 0.2278 | lr 1.92e-04 | t 154s
[v3] ep 5 batch  850/1831 | run 0.2276 | lr 1.92e-04 | t 164s
[v3] ep 5 batch  900/1831 | run 0.2268 | lr 1.92e-04 | t 173s
[v3] ep 5 batch  950/1831 | run 0.2266 | lr 1.92e-04 | t 183s
[v3] ep 5 batch 1000/1831 | run 0.2264 | lr 1.92e-04 | t 193s
[v3] ep 5 batch 1050/1831 | run 0.2265 | lr 1.92e-04 | t 202s
[v3] ep 5 batch 1100/1831 | run 0.2263 | lr 1.92e-04 | t 212s
[v3] ep 5 batch 1150/1831 | run 0.2265 | lr 1.92e-04 | t 221s
[v3] ep 5 batch 1200/1831 | run 0.2259 | lr 1.92e-04 | t 231s
[v3] ep 5 batch 1250/1831 | run 0.2256 | lr 1.92e-04 | t 241s
[v3] ep 5 batch 1300/1831 | run 0.2252 | lr 1.92e-04 | t 250s
[v3] ep 5 batch 1350/1831 | run 0.2246 | lr 1.92e-04 | t 260s
[v3] ep 5 batch 1400/1831 | run 0.2247 | lr 1.92e-04 | t 269s
[v3] ep 5 batch 1450/1831 | run 0.2242 | lr 1.92e-04 | t 279s
[v3] ep 5 batch 1500/1831 | run 0.2241 | lr 1.92e-04 | t 289s
[v3] ep 5 batch 1550/1831 | run 0.2243 | lr 1.92e-04 | t 298s
[v3] ep 5 batch 1600/1831 | run 0.2242 | lr 1.92e-04 | t 308s
[v3] ep 5 batch 1650/1831 | run 0.2247 | lr 1.92e-04 | t 317s
[v3] ep 5 batch 1700/1831 | run 0.2245 | lr 1.92e-04 | t 327s
[v3] ep 5 batch 1750/1831 | run 0.2240 | lr 1.92e-04 | t 337s
[v3] ep 5 batch 1800/1831 | run 0.2235 | lr 1.92e-04 | t 347s
[v3] ep  5 | tr 0.2235 | vl_ema 0.0741 | iou_ema 0.8511 | total 2209s
[v3] ep 6 batch    0/1831 | run 0.1900 | lr 1.85e-04 | t 0s
[v3] ep 6 batch   50/1831 | run 0.2018 | lr 1.85e-04 | t 10s
[v3] ep 6 batch  100/1831 | run 0.2085 | lr 1.85e-04 | t 20s
[v3] ep 6 batch  150/1831 | run 0.2105 | lr 1.85e-04 | t 30s
[v3] ep 6 batch  200/1831 | run 0.2139 | lr 1.85e-04 | t 39s
[v3] ep 6 batch  250/1831 | run 0.2115 | lr 1.85e-04 | t 49s
[v3] ep 6 batch  300/1831 | run 0.2129 | lr 1.85e-04 | t 59s
[v3] ep 6 batch  350/1831 | run 0.2152 | lr 1.85e-04 | t 69s
[v3] ep 6 batch  400/1831 | run 0.2134 | lr 1.85e-04 | t 79s
[v3] ep 6 batch  450/1831 | run 0.2133 | lr 1.85e-04 | t 88s
[v3] ep 6 batch  500/1831 | run 0.2132 | lr 1.85e-04 | t 98s
[v3] ep 6 batch  550/1831 | run 0.2126 | lr 1.85e-04 | t 108s
[v3] ep 6 batch  600/1831 | run 0.2119 | lr 1.85e-04 | t 118s
[v3] ep 6 batch  650/1831 | run 0.2112 | lr 1.85e-04 | t 128s
[v3] ep 6 batch  700/1831 | run 0.2122 | lr 1.85e-04 | t 138s
[v3] ep 6 batch  750/1831 | run 0.2117 | lr 1.85e-04 | t 148s
[v3] ep 6 batch  800/1831 | run 0.2113 | lr 1.85e-04 | t 157s
[v3] ep 6 batch  850/1831 | run 0.2112 | lr 1.85e-04 | t 167s
[v3] ep 6 batch  900/1831 | run 0.2105 | lr 1.85e-04 | t 177s
[v3] ep 6 batch  950/1831 | run 0.2111 | lr 1.85e-04 | t 187s
[v3] ep 6 batch 1000/1831 | run 0.2106 | lr 1.85e-04 | t 196s
[v3] ep 6 batch 1050/1831 | run 0.2101 | lr 1.85e-04 | t 206s
[v3] ep 6 batch 1100/1831 | run 0.2100 | lr 1.85e-04 | t 216s
[v3] ep 6 batch 1150/1831 | run 0.2098 | lr 1.85e-04 | t 226s
[v3] ep 6 batch 1200/1831 | run 0.2095 | lr 1.85e-04 | t 237s
[v3] ep 6 batch 1250/1831 | run 0.2091 | lr 1.85e-04 | t 247s
[v3] ep 6 batch 1300/1831 | run 0.2093 | lr 1.85e-04 | t 257s
[v3] ep 6 batch 1350/1831 | run 0.2094 | lr 1.85e-04 | t 267s
[v3] ep 6 batch 1400/1831 | run 0.2093 | lr 1.85e-04 | t 277s
[v3] ep 6 batch 1450/1831 | run 0.2092 | lr 1.85e-04 | t 287s
[v3] ep 6 batch 1500/1831 | run 0.2087 | lr 1.85e-04 | t 297s
[v3] ep 6 batch 1550/1831 | run 0.2088 | lr 1.85e-04 | t 307s
[v3] ep 6 batch 1600/1831 | run 0.2084 | lr 1.85e-04 | t 317s
[v3] ep 6 batch 1650/1831 | run 0.2082 | lr 1.85e-04 | t 326s
[v3] ep 6 batch 1700/1831 | run 0.2081 | lr 1.85e-04 | t 336s
[v3] ep 6 batch 1750/1831 | run 0.2082 | lr 1.85e-04 | t 346s
[v3] ep 6 batch 1800/1831 | run 0.2078 | lr 1.85e-04 | t 356s
[v3] ep  6 | tr 0.2076 | vl_ema 0.0631 | iou_ema 0.8694 *NEW BEST* | total 2577s
[v3] ep 7 batch    0/1831 | run 0.2222 | lr 1.78e-04 | t 0s
[v3] ep 7 batch   50/1831 | run 0.2077 | lr 1.78e-04 | t 10s
[v3] ep 7 batch  100/1831 | run 0.2051 | lr 1.78e-04 | t 20s
[v3] ep 7 batch  150/1831 | run 0.2067 | lr 1.78e-04 | t 30s
[v3] ep 7 batch  200/1831 | run 0.2042 | lr 1.78e-04 | t 39s
[v3] ep 7 batch  250/1831 | run 0.2031 | lr 1.78e-04 | t 49s
[v3] ep 7 batch  300/1831 | run 0.2028 | lr 1.78e-04 | t 59s
[v3] ep 7 batch  350/1831 | run 0.2018 | lr 1.78e-04 | t 68s
[v3] ep 7 batch  400/1831 | run 0.2005 | lr 1.78e-04 | t 78s
[v3] ep 7 batch  450/1831 | run 0.2010 | lr 1.78e-04 | t 88s
[v3] ep 7 batch  500/1831 | run 0.2011 | lr 1.78e-04 | t 98s
[v3] ep 7 batch  550/1831 | run 0.1997 | lr 1.78e-04 | t 107s
[v3] ep 7 batch  600/1831 | run 0.1997 | lr 1.78e-04 | t 117s
[v3] ep 7 batch  650/1831 | run 0.1977 | lr 1.78e-04 | t 127s
[v3] ep 7 batch  700/1831 | run 0.1977 | lr 1.78e-04 | t 136s
[v3] ep 7 batch  750/1831 | run 0.1986 | lr 1.78e-04 | t 146s
[v3] ep 7 batch  800/1831 | run 0.1984 | lr 1.78e-04 | t 156s
[v3] ep 7 batch  850/1831 | run 0.1986 | lr 1.78e-04 | t 166s
[v3] ep 7 batch  900/1831 | run 0.1983 | lr 1.78e-04 | t 175s
[v3] ep 7 batch  950/1831 | run 0.1986 | lr 1.78e-04 | t 185s
[v3] ep 7 batch 1000/1831 | run 0.1990 | lr 1.78e-04 | t 195s
[v3] ep 7 batch 1050/1831 | run 0.1987 | lr 1.78e-04 | t 204s
[v3] ep 7 batch 1100/1831 | run 0.1989 | lr 1.78e-04 | t 214s
[v3] ep 7 batch 1150/1831 | run 0.1991 | lr 1.78e-04 | t 224s
[v3] ep 7 batch 1200/1831 | run 0.1990 | lr 1.78e-04 | t 233s
[v3] ep 7 batch 1250/1831 | run 0.1985 | lr 1.78e-04 | t 243s
[v3] ep 7 batch 1300/1831 | run 0.1984 | lr 1.78e-04 | t 253s
[v3] ep 7 batch 1350/1831 | run 0.1980 | lr 1.78e-04 | t 262s
[v3] ep 7 batch 1400/1831 | run 0.1979 | lr 1.78e-04 | t 272s
[v3] ep 7 batch 1450/1831 | run 0.1974 | lr 1.78e-04 | t 282s
[v3] ep 7 batch 1500/1831 | run 0.1967 | lr 1.78e-04 | t 292s
[v3] ep 7 batch 1550/1831 | run 0.1973 | lr 1.78e-04 | t 302s
[v3] ep 7 batch 1600/1831 | run 0.1972 | lr 1.78e-04 | t 314s
[v3] ep 7 batch 1650/1831 | run 0.1973 | lr 1.78e-04 | t 324s
[v3] ep 7 batch 1700/1831 | run 0.1969 | lr 1.78e-04 | t 334s
[v3] ep 7 batch 1750/1831 | run 0.1966 | lr 1.78e-04 | t 345s
[v3] ep 7 batch 1800/1831 | run 0.1966 | lr 1.78e-04 | t 355s
[v3] ep  7 | tr 0.1968 | vl_ema 0.0561 | iou_ema 0.8898 *NEW BEST* | total 2944s
[v3] ep 8 batch    0/1831 | run 0.1542 | lr 1.68e-04 | t 0s
[v3] ep 8 batch   50/1831 | run 0.2015 | lr 1.68e-04 | t 10s
[v3] ep 8 batch  100/1831 | run 0.1954 | lr 1.68e-04 | t 20s
[v3] ep 8 batch  150/1831 | run 0.1908 | lr 1.68e-04 | t 31s
[v3] ep 8 batch  200/1831 | run 0.1907 | lr 1.68e-04 | t 42s
[v3] ep 8 batch  250/1831 | run 0.1908 | lr 1.68e-04 | t 56s
[v3] ep 8 batch  300/1831 | run 0.1943 | lr 1.68e-04 | t 66s
[v3] ep 8 batch  350/1831 | run 0.1937 | lr 1.68e-04 | t 77s
[v3] ep 8 batch  400/1831 | run 0.1938 | lr 1.68e-04 | t 88s
[v3] ep 8 batch  450/1831 | run 0.1935 | lr 1.68e-04 | t 100s
[v3] ep 8 batch  500/1831 | run 0.1914 | lr 1.68e-04 | t 110s
[v3] ep 8 batch  550/1831 | run 0.1916 | lr 1.68e-04 | t 120s
[v3] ep 8 batch  600/1831 | run 0.1917 | lr 1.68e-04 | t 131s
[v3] ep 8 batch  650/1831 | run 0.1905 | lr 1.68e-04 | t 143s
[v3] ep 8 batch  700/1831 | run 0.1906 | lr 1.68e-04 | t 155s
[v3] ep 8 batch  750/1831 | run 0.1906 | lr 1.68e-04 | t 166s
[v3] ep 8 batch  800/1831 | run 0.1899 | lr 1.68e-04 | t 178s
[v3] ep 8 batch  850/1831 | run 0.1898 | lr 1.68e-04 | t 189s
[v3] ep 8 batch  900/1831 | run 0.1896 | lr 1.68e-04 | t 200s
[v3] ep 8 batch  950/1831 | run 0.1898 | lr 1.68e-04 | t 211s
[v3] ep 8 batch 1000/1831 | run 0.1893 | lr 1.68e-04 | t 222s
[v3] ep 8 batch 1050/1831 | run 0.1891 | lr 1.68e-04 | t 233s
[v3] ep 8 batch 1100/1831 | run 0.1888 | lr 1.68e-04 | t 244s
[v3] ep 8 batch 1150/1831 | run 0.1893 | lr 1.68e-04 | t 255s
[v3] ep 8 batch 1200/1831 | run 0.1892 | lr 1.68e-04 | t 266s
[v3] ep 8 batch 1250/1831 | run 0.1891 | lr 1.68e-04 | t 277s
[v3] ep 8 batch 1300/1831 | run 0.1888 | lr 1.68e-04 | t 288s
[v3] ep 8 batch 1350/1831 | run 0.1887 | lr 1.68e-04 | t 299s
[v3] ep 8 batch 1400/1831 | run 0.1885 | lr 1.68e-04 | t 310s
[v3] ep 8 batch 1450/1831 | run 0.1885 | lr 1.68e-04 | t 320s
[v3] ep 8 batch 1500/1831 | run 0.1886 | lr 1.68e-04 | t 331s
[v3] ep 8 batch 1550/1831 | run 0.1890 | lr 1.68e-04 | t 342s
[v3] ep 8 batch 1600/1831 | run 0.1888 | lr 1.68e-04 | t 353s
[v3] ep 8 batch 1650/1831 | run 0.1886 | lr 1.68e-04 | t 364s
[v3] ep 8 batch 1700/1831 | run 0.1884 | lr 1.68e-04 | t 374s
[v3] ep 8 batch 1750/1831 | run 0.1881 | lr 1.68e-04 | t 385s
[v3] ep 8 batch 1800/1831 | run 0.1881 | lr 1.68e-04 | t 396s
[v3] ep  8 | tr 0.1880 | vl_ema 0.0546 | iou_ema 0.8942 *NEW BEST* | total 3352s
[v3] ep 9 batch    0/1831 | run 0.2446 | lr 1.58e-04 | t 0s
[v3] ep 9 batch   50/1831 | run 0.1848 | lr 1.58e-04 | t 11s
[v3] ep 9 batch  100/1831 | run 0.1815 | lr 1.58e-04 | t 22s
[v3] ep 9 batch  150/1831 | run 0.1809 | lr 1.58e-04 | t 32s
[v3] ep 9 batch  200/1831 | run 0.1835 | lr 1.58e-04 | t 43s
[v3] ep 9 batch  250/1831 | run 0.1822 | lr 1.58e-04 | t 54s
[v3] ep 9 batch  300/1831 | run 0.1825 | lr 1.58e-04 | t 65s
[v3] ep 9 batch  350/1831 | run 0.1829 | lr 1.58e-04 | t 76s
[v3] ep 9 batch  400/1831 | run 0.1847 | lr 1.58e-04 | t 87s
[v3] ep 9 batch  450/1831 | run 0.1845 | lr 1.58e-04 | t 97s
[v3] ep 9 batch  500/1831 | run 0.1842 | lr 1.58e-04 | t 108s
[v3] ep 9 batch  550/1831 | run 0.1846 | lr 1.58e-04 | t 119s
[v3] ep 9 batch  600/1831 | run 0.1842 | lr 1.58e-04 | t 130s
[v3] ep 9 batch  650/1831 | run 0.1842 | lr 1.58e-04 | t 141s
[v3] ep 9 batch  700/1831 | run 0.1841 | lr 1.58e-04 | t 151s
[v3] ep 9 batch  750/1831 | run 0.1842 | lr 1.58e-04 | t 162s
[v3] ep 9 batch  800/1831 | run 0.1848 | lr 1.58e-04 | t 173s
[v3] ep 9 batch  850/1831 | run 0.1848 | lr 1.58e-04 | t 184s
[v3] ep 9 batch  900/1831 | run 0.1852 | lr 1.58e-04 | t 195s
[v3] ep 9 batch  950/1831 | run 0.1852 | lr 1.58e-04 | t 206s
[v3] ep 9 batch 1000/1831 | run 0.1855 | lr 1.58e-04 | t 216s
[v3] ep 9 batch 1050/1831 | run 0.1840 | lr 1.58e-04 | t 227s
[v3] ep 9 batch 1100/1831 | run 0.1834 | lr 1.58e-04 | t 238s
[v3] ep 9 batch 1150/1831 | run 0.1839 | lr 1.58e-04 | t 249s
[v3] ep 9 batch 1200/1831 | run 0.1835 | lr 1.58e-04 | t 260s
[v3] ep 9 batch 1250/1831 | run 0.1839 | lr 1.58e-04 | t 270s
[v3] ep 9 batch 1300/1831 | run 0.1835 | lr 1.58e-04 | t 281s
[v3] ep 9 batch 1350/1831 | run 0.1832 | lr 1.58e-04 | t 292s
[v3] ep 9 batch 1400/1831 | run 0.1831 | lr 1.58e-04 | t 302s
[v3] ep 9 batch 1450/1831 | run 0.1833 | lr 1.58e-04 | t 313s
[v3] ep 9 batch 1500/1831 | run 0.1834 | lr 1.58e-04 | t 324s
[v3] ep 9 batch 1550/1831 | run 0.1833 | lr 1.58e-04 | t 334s
[v3] ep 9 batch 1600/1831 | run 0.1834 | lr 1.58e-04 | t 345s
[v3] ep 9 batch 1650/1831 | run 0.1832 | lr 1.58e-04 | t 356s
[v3] ep 9 batch 1700/1831 | run 0.1829 | lr 1.58e-04 | t 367s
[v3] ep 9 batch 1750/1831 | run 0.1827 | lr 1.58e-04 | t 377s
[v3] ep 9 batch 1800/1831 | run 0.1824 | lr 1.58e-04 | t 388s
[v3] ep  9 | tr 0.1821 | vl_ema 0.0538 | iou_ema 0.8882 | total 3753s
[v3] ep 10 batch    0/1831 | run 0.1034 | lr 1.46e-04 | t 0s
[v3] ep 10 batch   50/1831 | run 0.1837 | lr 1.46e-04 | t 11s
[v3] ep 10 batch  100/1831 | run 0.1776 | lr 1.46e-04 | t 22s
[v3] ep 10 batch  150/1831 | run 0.1791 | lr 1.46e-04 | t 32s
[v3] ep 10 batch  200/1831 | run 0.1795 | lr 1.46e-04 | t 43s
[v3] ep 10 batch  250/1831 | run 0.1785 | lr 1.46e-04 | t 54s
[v3] ep 10 batch  300/1831 | run 0.1774 | lr 1.46e-04 | t 65s
[v3] ep 10 batch  350/1831 | run 0.1775 | lr 1.46e-04 | t 79s
[v3] ep 10 batch  400/1831 | run 0.1770 | lr 1.46e-04 | t 89s
[v3] ep 10 batch  450/1831 | run 0.1781 | lr 1.46e-04 | t 98s
[v3] ep 10 batch  500/1831 | run 0.1775 | lr 1.46e-04 | t 108s
[v3] ep 10 batch  550/1831 | run 0.1784 | lr 1.46e-04 | t 119s
[v3] ep 10 batch  600/1831 | run 0.1787 | lr 1.46e-04 | t 131s
[v3] ep 10 batch  650/1831 | run 0.1785 | lr 1.46e-04 | t 141s
[v3] ep 10 batch  700/1831 | run 0.1787 | lr 1.46e-04 | t 151s
[v3] ep 10 batch  750/1831 | run 0.1780 | lr 1.46e-04 | t 162s
[v3] ep 10 batch  800/1831 | run 0.1778 | lr 1.46e-04 | t 172s
[v3] ep 10 batch  850/1831 | run 0.1774 | lr 1.46e-04 | t 183s
[v3] ep 10 batch  900/1831 | run 0.1770 | lr 1.46e-04 | t 193s
[v3] ep 10 batch  950/1831 | run 0.1765 | lr 1.46e-04 | t 204s
[v3] ep 10 batch 1000/1831 | run 0.1769 | lr 1.46e-04 | t 215s
[v3] ep 10 batch 1050/1831 | run 0.1768 | lr 1.46e-04 | t 225s
[v3] ep 10 batch 1100/1831 | run 0.1767 | lr 1.46e-04 | t 236s
[v3] ep 10 batch 1150/1831 | run 0.1768 | lr 1.46e-04 | t 246s
[v3] ep 10 batch 1200/1831 | run 0.1767 | lr 1.46e-04 | t 256s
[v3] ep 10 batch 1250/1831 | run 0.1763 | lr 1.46e-04 | t 267s
[v3] ep 10 batch 1300/1831 | run 0.1765 | lr 1.46e-04 | t 277s
[v3] ep 10 batch 1350/1831 | run 0.1764 | lr 1.46e-04 | t 288s
[v3] ep 10 batch 1400/1831 | run 0.1762 | lr 1.46e-04 | t 298s
[v3] ep 10 batch 1450/1831 | run 0.1763 | lr 1.46e-04 | t 308s
[v3] ep 10 batch 1500/1831 | run 0.1763 | lr 1.46e-04 | t 319s
[v3] ep 10 batch 1550/1831 | run 0.1759 | lr 1.46e-04 | t 329s
[v3] ep 10 batch 1600/1831 | run 0.1758 | lr 1.46e-04 | t 340s
[v3] ep 10 batch 1650/1831 | run 0.1756 | lr 1.46e-04 | t 351s
[v3] ep 10 batch 1700/1831 | run 0.1755 | lr 1.46e-04 | t 361s
[v3] ep 10 batch 1750/1831 | run 0.1750 | lr 1.46e-04 | t 372s
[v3] ep 10 batch 1800/1831 | run 0.1751 | lr 1.46e-04 | t 382s
[v3] ep 10 | tr 0.1750 | vl_ema 0.0457 | iou_ema 0.9116 *NEW BEST* | total 4148s
[v3] ep 11 batch    0/1831 | run 0.2340 | lr 1.33e-04 | t 0s
[v3] ep 11 batch   50/1831 | run 0.1749 | lr 1.33e-04 | t 11s
[v3] ep 11 batch  100/1831 | run 0.1691 | lr 1.33e-04 | t 21s
[v3] ep 11 batch  150/1831 | run 0.1727 | lr 1.33e-04 | t 31s
[v3] ep 11 batch  200/1831 | run 0.1756 | lr 1.33e-04 | t 41s
[v3] ep 11 batch  250/1831 | run 0.1728 | lr 1.33e-04 | t 52s
[v3] ep 11 batch  300/1831 | run 0.1716 | lr 1.33e-04 | t 62s
[v3] ep 11 batch  350/1831 | run 0.1724 | lr 1.33e-04 | t 72s
[v3] ep 11 batch  400/1831 | run 0.1733 | lr 1.33e-04 | t 83s
[v3] ep 11 batch  450/1831 | run 0.1717 | lr 1.33e-04 | t 93s
[v3] ep 11 batch  500/1831 | run 0.1718 | lr 1.33e-04 | t 103s
[v3] ep 11 batch  550/1831 | run 0.1710 | lr 1.33e-04 | t 114s
[v3] ep 11 batch  600/1831 | run 0.1707 | lr 1.33e-04 | t 124s
[v3] ep 11 batch  650/1831 | run 0.1718 | lr 1.33e-04 | t 134s
[v3] ep 11 batch  700/1831 | run 0.1713 | lr 1.33e-04 | t 145s
[v3] ep 11 batch  750/1831 | run 0.1704 | lr 1.33e-04 | t 155s
[v3] ep 11 batch  800/1831 | run 0.1698 | lr 1.33e-04 | t 165s
[v3] ep 11 batch  850/1831 | run 0.1694 | lr 1.33e-04 | t 176s
[v3] ep 11 batch  900/1831 | run 0.1694 | lr 1.33e-04 | t 186s
[v3] ep 11 batch  950/1831 | run 0.1695 | lr 1.33e-04 | t 196s
[v3] ep 11 batch 1000/1831 | run 0.1698 | lr 1.33e-04 | t 206s
[v3] ep 11 batch 1050/1831 | run 0.1700 | lr 1.33e-04 | t 217s
[v3] ep 11 batch 1100/1831 | run 0.1703 | lr 1.33e-04 | t 227s
[v3] ep 11 batch 1150/1831 | run 0.1706 | lr 1.33e-04 | t 237s
[v3] ep 11 batch 1200/1831 | run 0.1704 | lr 1.33e-04 | t 248s
[v3] ep 11 batch 1250/1831 | run 0.1709 | lr 1.33e-04 | t 258s
[v3] ep 11 batch 1300/1831 | run 0.1708 | lr 1.33e-04 | t 268s
[v3] ep 11 batch 1350/1831 | run 0.1706 | lr 1.33e-04 | t 279s
[v3] ep 11 batch 1400/1831 | run 0.1705 | lr 1.33e-04 | t 289s
[v3] ep 11 batch 1450/1831 | run 0.1705 | lr 1.33e-04 | t 299s
[v3] ep 11 batch 1500/1831 | run 0.1703 | lr 1.33e-04 | t 310s
[v3] ep 11 batch 1550/1831 | run 0.1705 | lr 1.33e-04 | t 320s
[v3] ep 11 batch 1600/1831 | run 0.1709 | lr 1.33e-04 | t 330s
[v3] ep 11 batch 1650/1831 | run 0.1709 | lr 1.33e-04 | t 340s
[v3] ep 11 batch 1700/1831 | run 0.1707 | lr 1.33e-04 | t 351s
[v3] ep 11 batch 1750/1831 | run 0.1705 | lr 1.33e-04 | t 361s
[v3] ep 11 batch 1800/1831 | run 0.1703 | lr 1.33e-04 | t 371s
[v3] ep 11 | tr 0.1703 | vl_ema 0.0487 | iou_ema 0.9024 | total 4532s
[v3] ep 12 batch    0/1831 | run 0.1772 | lr 1.20e-04 | t 0s
[v3] ep 12 batch   50/1831 | run 0.1598 | lr 1.20e-04 | t 10s
[v3] ep 12 batch  100/1831 | run 0.1653 | lr 1.20e-04 | t 21s
[v3] ep 12 batch  150/1831 | run 0.1723 | lr 1.20e-04 | t 31s
[v3] ep 12 batch  200/1831 | run 0.1709 | lr 1.20e-04 | t 41s
[v3] ep 12 batch  250/1831 | run 0.1700 | lr 1.20e-04 | t 51s
[v3] ep 12 batch  300/1831 | run 0.1674 | lr 1.20e-04 | t 62s
[v3] ep 12 batch  350/1831 | run 0.1675 | lr 1.20e-04 | t 72s
[v3] ep 12 batch  400/1831 | run 0.1665 | lr 1.20e-04 | t 82s
[v3] ep 12 batch  450/1831 | run 0.1650 | lr 1.20e-04 | t 93s
[v3] ep 12 batch  500/1831 | run 0.1646 | lr 1.20e-04 | t 102s
[v3] ep 12 batch  550/1831 | run 0.1650 | lr 1.20e-04 | t 112s
[v3] ep 12 batch  600/1831 | run 0.1637 | lr 1.20e-04 | t 122s
[v3] ep 12 batch  650/1831 | run 0.1634 | lr 1.20e-04 | t 131s
[v3] ep 12 batch  700/1831 | run 0.1633 | lr 1.20e-04 | t 140s
[v3] ep 12 batch  750/1831 | run 0.1633 | lr 1.20e-04 | t 150s
[v3] ep 12 batch  800/1831 | run 0.1630 | lr 1.20e-04 | t 159s
[v3] ep 12 batch  850/1831 | run 0.1630 | lr 1.20e-04 | t 169s
[v3] ep 12 batch  900/1831 | run 0.1629 | lr 1.20e-04 | t 178s
[v3] ep 12 batch  950/1831 | run 0.1624 | lr 1.20e-04 | t 188s
[v3] ep 12 batch 1000/1831 | run 0.1628 | lr 1.20e-04 | t 197s
[v3] ep 12 batch 1050/1831 | run 0.1627 | lr 1.20e-04 | t 206s
[v3] ep 12 batch 1100/1831 | run 0.1618 | lr 1.20e-04 | t 216s
[v3] ep 12 batch 1150/1831 | run 0.1617 | lr 1.20e-04 | t 225s
[v3] ep 12 batch 1200/1831 | run 0.1616 | lr 1.20e-04 | t 235s
[v3] ep 12 batch 1250/1831 | run 0.1618 | lr 1.20e-04 | t 244s
[v3] ep 12 batch 1300/1831 | run 0.1626 | lr 1.20e-04 | t 254s
[v3] ep 12 batch 1350/1831 | run 0.1633 | lr 1.20e-04 | t 264s
[v3] ep 12 batch 1400/1831 | run 0.1636 | lr 1.20e-04 | t 273s
[v3] ep 12 batch 1450/1831 | run 0.1632 | lr 1.20e-04 | t 282s
[v3] ep 12 batch 1500/1831 | run 0.1631 | lr 1.20e-04 | t 292s
[v3] ep 12 batch 1550/1831 | run 0.1633 | lr 1.20e-04 | t 301s
[v3] ep 12 batch 1600/1831 | run 0.1633 | lr 1.20e-04 | t 310s
[v3] ep 12 batch 1650/1831 | run 0.1634 | lr 1.20e-04 | t 320s
[v3] ep 12 batch 1700/1831 | run 0.1632 | lr 1.20e-04 | t 329s
[v3] ep 12 batch 1750/1831 | run 0.1631 | lr 1.20e-04 | t 339s
[v3] ep 12 batch 1800/1831 | run 0.1635 | lr 1.20e-04 | t 348s
[v3] ep 12 | tr 0.1632 | vl_ema 0.0473 | iou_ema 0.9062 | total 4891s
[v3] ep 13 batch    0/1831 | run 0.1807 | lr 1.07e-04 | t 0s
[v3] ep 13 batch   50/1831 | run 0.1678 | lr 1.07e-04 | t 10s
[v3] ep 13 batch  100/1831 | run 0.1663 | lr 1.07e-04 | t 19s
[v3] ep 13 batch  150/1831 | run 0.1609 | lr 1.07e-04 | t 29s
[v3] ep 13 batch  200/1831 | run 0.1615 | lr 1.07e-04 | t 38s
[v3] ep 13 batch  250/1831 | run 0.1604 | lr 1.07e-04 | t 47s
[v3] ep 13 batch  300/1831 | run 0.1587 | lr 1.07e-04 | t 57s
[v3] ep 13 batch  350/1831 | run 0.1600 | lr 1.07e-04 | t 66s
[v3] ep 13 batch  400/1831 | run 0.1587 | lr 1.07e-04 | t 75s
[v3] ep 13 batch  450/1831 | run 0.1594 | lr 1.07e-04 | t 84s
[v3] ep 13 batch  500/1831 | run 0.1591 | lr 1.07e-04 | t 94s
[v3] ep 13 batch  550/1831 | run 0.1584 | lr 1.07e-04 | t 105s
[v3] ep 13 batch  600/1831 | run 0.1581 | lr 1.07e-04 | t 115s
[v3] ep 13 batch  650/1831 | run 0.1589 | lr 1.07e-04 | t 124s
[v3] ep 13 batch  700/1831 | run 0.1590 | lr 1.07e-04 | t 134s
[v3] ep 13 batch  750/1831 | run 0.1588 | lr 1.07e-04 | t 143s
[v3] ep 13 batch  800/1831 | run 0.1589 | lr 1.07e-04 | t 152s
[v3] ep 13 batch  850/1831 | run 0.1586 | lr 1.07e-04 | t 162s
[v3] ep 13 batch  900/1831 | run 0.1587 | lr 1.07e-04 | t 171s
[v3] ep 13 batch  950/1831 | run 0.1590 | lr 1.07e-04 | t 180s
[v3] ep 13 batch 1000/1831 | run 0.1594 | lr 1.07e-04 | t 190s
[v3] ep 13 batch 1050/1831 | run 0.1596 | lr 1.07e-04 | t 199s
[v3] ep 13 batch 1100/1831 | run 0.1595 | lr 1.07e-04 | t 209s
[v3] ep 13 batch 1150/1831 | run 0.1597 | lr 1.07e-04 | t 218s
[v3] ep 13 batch 1200/1831 | run 0.1597 | lr 1.07e-04 | t 227s
[v3] ep 13 batch 1250/1831 | run 0.1596 | lr 1.07e-04 | t 237s
[v3] ep 13 batch 1300/1831 | run 0.1597 | lr 1.07e-04 | t 246s
[v3] ep 13 batch 1350/1831 | run 0.1595 | lr 1.07e-04 | t 256s
[v3] ep 13 batch 1400/1831 | run 0.1592 | lr 1.07e-04 | t 265s
[v3] ep 13 batch 1450/1831 | run 0.1594 | lr 1.07e-04 | t 276s
[v3] ep 13 batch 1500/1831 | run 0.1593 | lr 1.07e-04 | t 286s
[v3] ep 13 batch 1550/1831 | run 0.1592 | lr 1.07e-04 | t 296s
[v3] ep 13 batch 1600/1831 | run 0.1595 | lr 1.07e-04 | t 306s
[v3] ep 13 batch 1650/1831 | run 0.1592 | lr 1.07e-04 | t 316s
[v3] ep 13 batch 1700/1831 | run 0.1587 | lr 1.07e-04 | t 326s
[v3] ep 13 batch 1750/1831 | run 0.1586 | lr 1.07e-04 | t 336s
[v3] ep 13 batch 1800/1831 | run 0.1584 | lr 1.07e-04 | t 345s
[v3] ep 13 | tr 0.1584 | vl_ema 0.0369 | iou_ema 0.9331 *NEW BEST* | total 5249s
[v3] ep 14 batch    0/1831 | run 0.1318 | lr 9.32e-05 | t 0s
[v3] ep 14 batch   50/1831 | run 0.1533 | lr 9.32e-05 | t 10s
[v3] ep 14 batch  100/1831 | run 0.1567 | lr 9.32e-05 | t 20s
[v3] ep 14 batch  150/1831 | run 0.1565 | lr 9.32e-05 | t 30s
[v3] ep 14 batch  200/1831 | run 0.1532 | lr 9.32e-05 | t 40s
[v3] ep 14 batch  250/1831 | run 0.1536 | lr 9.32e-05 | t 50s
[v3] ep 14 batch  300/1831 | run 0.1529 | lr 9.32e-05 | t 59s
[v3] ep 14 batch  350/1831 | run 0.1524 | lr 9.32e-05 | t 69s
[v3] ep 14 batch  400/1831 | run 0.1529 | lr 9.32e-05 | t 79s
[v3] ep 14 batch  450/1831 | run 0.1532 | lr 9.32e-05 | t 89s
[v3] ep 14 batch  500/1831 | run 0.1548 | lr 9.32e-05 | t 99s
[v3] ep 14 batch  550/1831 | run 0.1559 | lr 9.32e-05 | t 109s
[v3] ep 14 batch  600/1831 | run 0.1560 | lr 9.32e-05 | t 119s
[v3] ep 14 batch  650/1831 | run 0.1564 | lr 9.32e-05 | t 129s
[v3] ep 14 batch  700/1831 | run 0.1560 | lr 9.32e-05 | t 139s
[v3] ep 14 batch  750/1831 | run 0.1565 | lr 9.32e-05 | t 149s
[v3] ep 14 batch  800/1831 | run 0.1570 | lr 9.32e-05 | t 159s
[v3] ep 14 batch  850/1831 | run 0.1571 | lr 9.32e-05 | t 169s
[v3] ep 14 batch  900/1831 | run 0.1575 | lr 9.32e-05 | t 179s
[v3] ep 14 batch  950/1831 | run 0.1576 | lr 9.32e-05 | t 189s
[v3] ep 14 batch 1000/1831 | run 0.1573 | lr 9.32e-05 | t 199s
[v3] ep 14 batch 1050/1831 | run 0.1574 | lr 9.32e-05 | t 208s
[v3] ep 14 batch 1100/1831 | run 0.1571 | lr 9.32e-05 | t 218s
[v3] ep 14 batch 1150/1831 | run 0.1571 | lr 9.32e-05 | t 228s
[v3] ep 14 batch 1200/1831 | run 0.1569 | lr 9.32e-05 | t 237s
[v3] ep 14 batch 1250/1831 | run 0.1567 | lr 9.32e-05 | t 247s
[v3] ep 14 batch 1300/1831 | run 0.1562 | lr 9.32e-05 | t 257s
[v3] ep 14 batch 1350/1831 | run 0.1567 | lr 9.32e-05 | t 266s
[v3] ep 14 batch 1400/1831 | run 0.1567 | lr 9.32e-05 | t 276s
[v3] ep 14 batch 1450/1831 | run 0.1564 | lr 9.32e-05 | t 286s
[v3] ep 14 batch 1500/1831 | run 0.1565 | lr 9.32e-05 | t 296s
[v3] ep 14 batch 1550/1831 | run 0.1566 | lr 9.32e-05 | t 306s
[v3] ep 14 batch 1600/1831 | run 0.1568 | lr 9.32e-05 | t 316s
[v3] ep 14 batch 1650/1831 | run 0.1567 | lr 9.32e-05 | t 326s
[v3] ep 14 batch 1700/1831 | run 0.1568 | lr 9.32e-05 | t 335s
[v3] ep 14 batch 1750/1831 | run 0.1567 | lr 9.32e-05 | t 345s
[v3] ep 14 batch 1800/1831 | run 0.1565 | lr 9.32e-05 | t 355s
[v3] ep 14 | tr 0.1565 | vl_ema 0.0432 | iou_ema 0.9152 | total 5616s
[v3] ep 15 batch    0/1831 | run 0.1236 | lr 7.97e-05 | t 0s
[v3] ep 15 batch   50/1831 | run 0.1557 | lr 7.97e-05 | t 10s
[v3] ep 15 batch  100/1831 | run 0.1582 | lr 7.97e-05 | t 20s
[v3] ep 15 batch  150/1831 | run 0.1544 | lr 7.97e-05 | t 30s
[v3] ep 15 batch  200/1831 | run 0.1516 | lr 7.97e-05 | t 40s
[v3] ep 15 batch  250/1831 | run 0.1511 | lr 7.97e-05 | t 49s
[v3] ep 15 batch  300/1831 | run 0.1519 | lr 7.97e-05 | t 59s
[v3] ep 15 batch  350/1831 | run 0.1527 | lr 7.97e-05 | t 69s
[v3] ep 15 batch  400/1831 | run 0.1534 | lr 7.97e-05 | t 79s
[v3] ep 15 batch  450/1831 | run 0.1529 | lr 7.97e-05 | t 88s
[v3] ep 15 batch  500/1831 | run 0.1539 | lr 7.97e-05 | t 98s
[v3] ep 15 batch  550/1831 | run 0.1535 | lr 7.97e-05 | t 108s
[v3] ep 15 batch  600/1831 | run 0.1532 | lr 7.97e-05 | t 118s
[v3] ep 15 batch  650/1831 | run 0.1526 | lr 7.97e-05 | t 128s
[v3] ep 15 batch  700/1831 | run 0.1523 | lr 7.97e-05 | t 138s
[v3] ep 15 batch  750/1831 | run 0.1524 | lr 7.97e-05 | t 152s
[v3] ep 15 batch  800/1831 | run 0.1522 | lr 7.97e-05 | t 164s
[v3] ep 15 batch  850/1831 | run 0.1527 | lr 7.97e-05 | t 175s
[v3] ep 15 batch  900/1831 | run 0.1525 | lr 7.97e-05 | t 186s
[v3] ep 15 batch  950/1831 | run 0.1524 | lr 7.97e-05 | t 196s
[v3] ep 15 batch 1000/1831 | run 0.1519 | lr 7.97e-05 | t 207s
[v3] ep 15 batch 1050/1831 | run 0.1517 | lr 7.97e-05 | t 217s
[v3] ep 15 batch 1100/1831 | run 0.1520 | lr 7.97e-05 | t 227s
[v3] ep 15 batch 1150/1831 | run 0.1521 | lr 7.97e-05 | t 238s
[v3] ep 15 batch 1200/1831 | run 0.1515 | lr 7.97e-05 | t 248s
[v3] ep 15 batch 1250/1831 | run 0.1515 | lr 7.97e-05 | t 259s
[v3] ep 15 batch 1300/1831 | run 0.1513 | lr 7.97e-05 | t 270s
[v3] ep 15 batch 1350/1831 | run 0.1513 | lr 7.97e-05 | t 281s
[v3] ep 15 batch 1400/1831 | run 0.1511 | lr 7.97e-05 | t 292s
[v3] ep 15 batch 1450/1831 | run 0.1512 | lr 7.97e-05 | t 303s
[v3] ep 15 batch 1500/1831 | run 0.1510 | lr 7.97e-05 | t 314s
[v3] ep 15 batch 1550/1831 | run 0.1506 | lr 7.97e-05 | t 325s
[v3] ep 15 batch 1600/1831 | run 0.1509 | lr 7.97e-05 | t 336s
[v3] ep 15 batch 1650/1831 | run 0.1507 | lr 7.97e-05 | t 347s
[v3] ep 15 batch 1700/1831 | run 0.1505 | lr 7.97e-05 | t 357s
[v3] ep 15 batch 1750/1831 | run 0.1505 | lr 7.97e-05 | t 368s
[v3] ep 15 batch 1800/1831 | run 0.1504 | lr 7.97e-05 | t 378s
[v3] ep 15 | tr 0.1504 | vl_ema 0.0404 | iou_ema 0.9231 | total 6006s
[v3] ep 16 batch    0/1831 | run 0.1499 | lr 6.65e-05 | t 0s
[v3] ep 16 batch   50/1831 | run 0.1480 | lr 6.65e-05 | t 10s
[v3] ep 16 batch  100/1831 | run 0.1480 | lr 6.65e-05 | t 21s
[v3] ep 16 batch  150/1831 | run 0.1511 | lr 6.65e-05 | t 31s
[v3] ep 16 batch  200/1831 | run 0.1526 | lr 6.65e-05 | t 41s
[v3] ep 16 batch  250/1831 | run 0.1504 | lr 6.65e-05 | t 51s
[v3] ep 16 batch  300/1831 | run 0.1510 | lr 6.65e-05 | t 62s
[v3] ep 16 batch  350/1831 | run 0.1509 | lr 6.65e-05 | t 73s
[v3] ep 16 batch  400/1831 | run 0.1514 | lr 6.65e-05 | t 83s
[v3] ep 16 batch  450/1831 | run 0.1517 | lr 6.65e-05 | t 96s
[v3] ep 16 batch  500/1831 | run 0.1503 | lr 6.65e-05 | t 107s
[v3] ep 16 batch  550/1831 | run 0.1501 | lr 6.65e-05 | t 121s
[v3] ep 16 batch  600/1831 | run 0.1497 | lr 6.65e-05 | t 133s
[v3] ep 16 batch  650/1831 | run 0.1502 | lr 6.65e-05 | t 144s
[v3] ep 16 batch  700/1831 | run 0.1501 | lr 6.65e-05 | t 155s
[v3] ep 16 batch  750/1831 | run 0.1501 | lr 6.65e-05 | t 167s
[v3] ep 16 batch  800/1831 | run 0.1495 | lr 6.65e-05 | t 178s
[v3] ep 16 batch  850/1831 | run 0.1490 | lr 6.65e-05 | t 189s
[v3] ep 16 batch  900/1831 | run 0.1494 | lr 6.65e-05 | t 199s
[v3] ep 16 batch  950/1831 | run 0.1491 | lr 6.65e-05 | t 210s
[v3] ep 16 batch 1000/1831 | run 0.1496 | lr 6.65e-05 | t 220s
[v3] ep 16 batch 1050/1831 | run 0.1503 | lr 6.65e-05 | t 230s
[v3] ep 16 batch 1100/1831 | run 0.1500 | lr 6.65e-05 | t 241s
[v3] ep 16 batch 1150/1831 | run 0.1496 | lr 6.65e-05 | t 251s
[v3] ep 16 batch 1200/1831 | run 0.1500 | lr 6.65e-05 | t 261s
[v3] ep 16 batch 1250/1831 | run 0.1497 | lr 6.65e-05 | t 271s
[v3] ep 16 batch 1300/1831 | run 0.1498 | lr 6.65e-05 | t 282s
[v3] ep 16 batch 1350/1831 | run 0.1500 | lr 6.65e-05 | t 292s
[v3] ep 16 batch 1400/1831 | run 0.1499 | lr 6.65e-05 | t 302s
[v3] ep 16 batch 1450/1831 | run 0.1498 | lr 6.65e-05 | t 312s
[v3] ep 16 batch 1500/1831 | run 0.1494 | lr 6.65e-05 | t 322s
[v3] ep 16 batch 1550/1831 | run 0.1494 | lr 6.65e-05 | t 332s
[v3] ep 16 batch 1600/1831 | run 0.1497 | lr 6.65e-05 | t 342s
[v3] ep 16 batch 1650/1831 | run 0.1495 | lr 6.65e-05 | t 353s
[v3] ep 16 batch 1700/1831 | run 0.1493 | lr 6.65e-05 | t 363s
[v3] ep 16 batch 1750/1831 | run 0.1493 | lr 6.65e-05 | t 373s
[v3] ep 16 batch 1800/1831 | run 0.1492 | lr 6.65e-05 | t 383s
[v3] ep 16 | tr 0.1489 | vl_ema 0.0439 | iou_ema 0.9130 | total 6401s
[v3] ep 17 batch    0/1831 | run 0.1009 | lr 5.40e-05 | t 0s
[v3] ep 17 batch   50/1831 | run 0.1450 | lr 5.40e-05 | t 10s
[v3] ep 17 batch  100/1831 | run 0.1493 | lr 5.40e-05 | t 20s
[v3] ep 17 batch  150/1831 | run 0.1461 | lr 5.40e-05 | t 31s
[v3] ep 17 batch  200/1831 | run 0.1446 | lr 5.40e-05 | t 41s
[v3] ep 17 batch  250/1831 | run 0.1446 | lr 5.40e-05 | t 51s
[v3] ep 17 batch  300/1831 | run 0.1435 | lr 5.40e-05 | t 61s
[v3] ep 17 batch  350/1831 | run 0.1440 | lr 5.40e-05 | t 71s
[v3] ep 17 batch  400/1831 | run 0.1431 | lr 5.40e-05 | t 81s
[v3] ep 17 batch  450/1831 | run 0.1437 | lr 5.40e-05 | t 91s
[v3] ep 17 batch  500/1831 | run 0.1434 | lr 5.40e-05 | t 101s
[v3] ep 17 batch  550/1831 | run 0.1434 | lr 5.40e-05 | t 111s
[v3] ep 17 batch  600/1831 | run 0.1433 | lr 5.40e-05 | t 120s
[v3] ep 17 batch  650/1831 | run 0.1436 | lr 5.40e-05 | t 130s
[v3] ep 17 batch  700/1831 | run 0.1440 | lr 5.40e-05 | t 140s
[v3] ep 17 batch  750/1831 | run 0.1437 | lr 5.40e-05 | t 150s
[v3] ep 17 batch  800/1831 | run 0.1433 | lr 5.40e-05 | t 160s
[v3] ep 17 batch  850/1831 | run 0.1434 | lr 5.40e-05 | t 170s
[v3] ep 17 batch  900/1831 | run 0.1436 | lr 5.40e-05 | t 180s
[v3] ep 17 batch  950/1831 | run 0.1435 | lr 5.40e-05 | t 190s
[v3] ep 17 batch 1000/1831 | run 0.1433 | lr 5.40e-05 | t 200s
[v3] ep 17 batch 1050/1831 | run 0.1435 | lr 5.40e-05 | t 210s
[v3] ep 17 batch 1100/1831 | run 0.1436 | lr 5.40e-05 | t 220s
[v3] ep 17 batch 1150/1831 | run 0.1436 | lr 5.40e-05 | t 230s
[v3] ep 17 batch 1200/1831 | run 0.1434 | lr 5.40e-05 | t 240s
[v3] ep 17 batch 1250/1831 | run 0.1433 | lr 5.40e-05 | t 249s
[v3] ep 17 batch 1300/1831 | run 0.1436 | lr 5.40e-05 | t 259s
[v3] ep 17 batch 1350/1831 | run 0.1439 | lr 5.40e-05 | t 269s
[v3] ep 17 batch 1400/1831 | run 0.1439 | lr 5.40e-05 | t 279s
[v3] ep 17 batch 1450/1831 | run 0.1444 | lr 5.40e-05 | t 289s
[v3] ep 17 batch 1500/1831 | run 0.1445 | lr 5.40e-05 | t 300s
[v3] ep 17 batch 1550/1831 | run 0.1445 | lr 5.40e-05 | t 311s
[v3] ep 17 batch 1600/1831 | run 0.1447 | lr 5.40e-05 | t 321s
[v3] ep 17 batch 1650/1831 | run 0.1445 | lr 5.40e-05 | t 331s
[v3] ep 17 batch 1700/1831 | run 0.1445 | lr 5.40e-05 | t 342s
[v3] ep 17 batch 1750/1831 | run 0.1448 | lr 5.40e-05 | t 353s
[v3] ep 17 batch 1800/1831 | run 0.1447 | lr 5.40e-05 | t 364s
[v3] ep 17 | tr 0.1446 | vl_ema 0.0419 | iou_ema 0.9165 | total 6778s
[v3] ep 18 batch    0/1831 | run 0.1855 | lr 4.23e-05 | t 0s
[v3] ep 18 batch   50/1831 | run 0.1464 | lr 4.23e-05 | t 11s
[v3] ep 18 batch  100/1831 | run 0.1431 | lr 4.23e-05 | t 22s
[v3] ep 18 batch  150/1831 | run 0.1432 | lr 4.23e-05 | t 32s
[v3] ep 18 batch  200/1831 | run 0.1422 | lr 4.23e-05 | t 42s
[v3] ep 18 batch  250/1831 | run 0.1422 | lr 4.23e-05 | t 53s
[v3] ep 18 batch  300/1831 | run 0.1433 | lr 4.23e-05 | t 64s
[v3] ep 18 batch  350/1831 | run 0.1435 | lr 4.23e-05 | t 74s
[v3] ep 18 batch  400/1831 | run 0.1448 | lr 4.23e-05 | t 85s
[v3] ep 18 batch  450/1831 | run 0.1444 | lr 4.23e-05 | t 95s
[v3] ep 18 batch  500/1831 | run 0.1446 | lr 4.23e-05 | t 105s
[v3] ep 18 batch  550/1831 | run 0.1445 | lr 4.23e-05 | t 115s
[v3] ep 18 batch  600/1831 | run 0.1445 | lr 4.23e-05 | t 125s
[v3] ep 18 batch  650/1831 | run 0.1440 | lr 4.23e-05 | t 135s
[v3] ep 18 batch  700/1831 | run 0.1430 | lr 4.23e-05 | t 145s
[v3] ep 18 batch  750/1831 | run 0.1427 | lr 4.23e-05 | t 156s
[v3] ep 18 batch  800/1831 | run 0.1434 | lr 4.23e-05 | t 166s
[v3] ep 18 batch  850/1831 | run 0.1431 | lr 4.23e-05 | t 176s
[v3] ep 18 batch  900/1831 | run 0.1427 | lr 4.23e-05 | t 186s
[v3] ep 18 batch  950/1831 | run 0.1431 | lr 4.23e-05 | t 196s
[v3] ep 18 batch 1000/1831 | run 0.1430 | lr 4.23e-05 | t 206s
[v3] ep 18 batch 1050/1831 | run 0.1429 | lr 4.23e-05 | t 216s
[v3] ep 18 batch 1100/1831 | run 0.1433 | lr 4.23e-05 | t 226s
[v3] ep 18 batch 1150/1831 | run 0.1429 | lr 4.23e-05 | t 236s
[v3] ep 18 batch 1200/1831 | run 0.1428 | lr 4.23e-05 | t 246s
[v3] ep 18 batch 1250/1831 | run 0.1429 | lr 4.23e-05 | t 256s
[v3] ep 18 batch 1300/1831 | run 0.1430 | lr 4.23e-05 | t 266s
[v3] ep 18 batch 1350/1831 | run 0.1428 | lr 4.23e-05 | t 277s
[v3] ep 18 batch 1400/1831 | run 0.1431 | lr 4.23e-05 | t 287s
[v3] ep 18 batch 1450/1831 | run 0.1430 | lr 4.23e-05 | t 297s
[v3] ep 18 batch 1500/1831 | run 0.1432 | lr 4.23e-05 | t 307s
[v3] ep 18 batch 1550/1831 | run 0.1431 | lr 4.23e-05 | t 317s
[v3] ep 18 batch 1600/1831 | run 0.1427 | lr 4.23e-05 | t 327s
[v3] ep 18 batch 1650/1831 | run 0.1428 | lr 4.23e-05 | t 337s
[v3] ep 18 batch 1700/1831 | run 0.1428 | lr 4.23e-05 | t 347s
[v3] ep 18 batch 1750/1831 | run 0.1428 | lr 4.23e-05 | t 358s
[v3] ep 18 batch 1800/1831 | run 0.1424 | lr 4.23e-05 | t 368s
[v3] ep 18 | tr 0.1425 | vl_ema 0.0390 | iou_ema 0.9246 | total 7158s
[v3] ep 19 batch    0/1831 | run 0.1716 | lr 3.17e-05 | t 0s
[v3] ep 19 batch   50/1831 | run 0.1363 | lr 3.17e-05 | t 11s
[v3] ep 19 batch  100/1831 | run 0.1362 | lr 3.17e-05 | t 21s
[v3] ep 19 batch  150/1831 | run 0.1353 | lr 3.17e-05 | t 31s
[v3] ep 19 batch  200/1831 | run 0.1371 | lr 3.17e-05 | t 42s
[v3] ep 19 batch  250/1831 | run 0.1400 | lr 3.17e-05 | t 52s
[v3] ep 19 batch  300/1831 | run 0.1399 | lr 3.17e-05 | t 62s
[v3] ep 19 batch  350/1831 | run 0.1401 | lr 3.17e-05 | t 73s
[v3] ep 19 batch  400/1831 | run 0.1403 | lr 3.17e-05 | t 83s
[v3] ep 19 batch  450/1831 | run 0.1402 | lr 3.17e-05 | t 93s
[v3] ep 19 batch  500/1831 | run 0.1405 | lr 3.17e-05 | t 104s
[v3] ep 19 batch  550/1831 | run 0.1413 | lr 3.17e-05 | t 114s
[v3] ep 19 batch  600/1831 | run 0.1414 | lr 3.17e-05 | t 125s
[v3] ep 19 batch  650/1831 | run 0.1412 | lr 3.17e-05 | t 136s
[v3] ep 19 batch  700/1831 | run 0.1405 | lr 3.17e-05 | t 146s
[v3] ep 19 batch  750/1831 | run 0.1402 | lr 3.17e-05 | t 156s
[v3] ep 19 batch  800/1831 | run 0.1405 | lr 3.17e-05 | t 166s
[v3] ep 19 batch  850/1831 | run 0.1408 | lr 3.17e-05 | t 177s
[v3] ep 19 batch  900/1831 | run 0.1404 | lr 3.17e-05 | t 187s
[v3] ep 19 batch  950/1831 | run 0.1408 | lr 3.17e-05 | t 198s
[v3] ep 19 batch 1000/1831 | run 0.1402 | lr 3.17e-05 | t 208s
[v3] ep 19 batch 1050/1831 | run 0.1402 | lr 3.17e-05 | t 219s
[v3] ep 19 batch 1100/1831 | run 0.1399 | lr 3.17e-05 | t 229s
[v3] ep 19 batch 1150/1831 | run 0.1396 | lr 3.17e-05 | t 239s
[v3] ep 19 batch 1200/1831 | run 0.1394 | lr 3.17e-05 | t 249s
[v3] ep 19 batch 1250/1831 | run 0.1395 | lr 3.17e-05 | t 259s
[v3] ep 19 batch 1300/1831 | run 0.1395 | lr 3.17e-05 | t 269s
[v3] ep 19 batch 1350/1831 | run 0.1398 | lr 3.17e-05 | t 278s
[v3] ep 19 batch 1400/1831 | run 0.1395 | lr 3.17e-05 | t 288s
[v3] ep 19 batch 1450/1831 | run 0.1398 | lr 3.17e-05 | t 299s
[v3] ep 19 batch 1500/1831 | run 0.1401 | lr 3.17e-05 | t 309s
[v3] ep 19 batch 1550/1831 | run 0.1402 | lr 3.17e-05 | t 319s
[v3] ep 19 batch 1600/1831 | run 0.1401 | lr 3.17e-05 | t 330s
[v3] ep 19 batch 1650/1831 | run 0.1404 | lr 3.17e-05 | t 345s
[v3] ep 19 batch 1700/1831 | run 0.1405 | lr 3.17e-05 | t 355s
[v3] ep 19 batch 1750/1831 | run 0.1406 | lr 3.17e-05 | t 366s
[v3] ep 19 batch 1800/1831 | run 0.1407 | lr 3.17e-05 | t 377s
[v3] ep 19 | tr 0.1407 | vl_ema 0.0385 | iou_ema 0.9254 | total 7548s
[v3] early stop at ep 19
[v3] done. best_val_iou_ema=0.9331
[v3] device=mps params=1,928,611 batches/ep tr=1831 va=102 amp=True
[v3] img=256 batch=16 epochs=25 lr=0.0002 warmup=2 ema=0.999
[v3] RESUMED from ep 19 (best iou 0.9331) → starting ep 20
[v3] ep 20 batch    0/1831 | run 0.1351 | lr 2.24e-05 | t 6s
[v3] ep 20 batch   50/1831 | run 0.1417 | lr 2.24e-05 | t 14s
[v3] ep 20 batch  100/1831 | run 0.1415 | lr 2.24e-05 | t 22s
[v3] ep 20 batch  150/1831 | run 0.1399 | lr 2.24e-05 | t 30s
[v3] ep 20 batch  200/1831 | run 0.1416 | lr 2.24e-05 | t 39s
[v3] ep 20 batch  250/1831 | run 0.1413 | lr 2.24e-05 | t 47s
[v3] ep 20 batch  300/1831 | run 0.1409 | lr 2.24e-05 | t 56s
[v3] ep 20 batch  350/1831 | run 0.1412 | lr 2.24e-05 | t 65s
[v3] ep 20 batch  400/1831 | run 0.1415 | lr 2.24e-05 | t 74s
[v3] ep 20 batch  450/1831 | run 0.1415 | lr 2.24e-05 | t 83s
[v3] ep 20 batch  500/1831 | run 0.1407 | lr 2.24e-05 | t 92s
[v3] ep 20 batch  550/1831 | run 0.1406 | lr 2.24e-05 | t 101s
[v3] ep 20 batch  600/1831 | run 0.1406 | lr 2.24e-05 | t 110s
[v3] ep 20 batch  650/1831 | run 0.1404 | lr 2.24e-05 | t 120s
[v3] ep 20 batch  700/1831 | run 0.1402 | lr 2.24e-05 | t 129s
[v3] ep 20 batch  750/1831 | run 0.1399 | lr 2.24e-05 | t 140s
[v3] ep 20 batch  800/1831 | run 0.1394 | lr 2.24e-05 | t 151s
[v3] ep 20 batch  850/1831 | run 0.1397 | lr 2.24e-05 | t 163s
[v3] ep 20 batch  900/1831 | run 0.1397 | lr 2.24e-05 | t 177s
[v3] ep 20 batch  950/1831 | run 0.1395 | lr 2.24e-05 | t 192s
[v3] ep 20 batch 1000/1831 | run 0.1397 | lr 2.24e-05 | t 207s
[v3] ep 20 batch 1050/1831 | run 0.1396 | lr 2.24e-05 | t 222s
[v3] ep 20 batch 1100/1831 | run 0.1400 | lr 2.24e-05 | t 236s
[v3] ep 20 batch 1150/1831 | run 0.1397 | lr 2.24e-05 | t 249s
